This is pdfTeX, Version 3.14159265-2.6-1.40.16 (TeX Live 2015) (preloaded format=pdflatex 2015.12.20)  26 MAY 2016 12:17
entering extended mode
 restricted \write18 enabled.
 %&-line parsing enabled.
**clearmap.tex
(./clearmap.tex
LaTeX2e <2015/10/01> patch level 2
Babel <3.9m> and hyphenation patterns for 79 languages loaded.
(./sphinxmanual.cls
Document Class: sphinxmanual 2009/06/02 Document class (Sphinx manual)
(/usr/local/texlive/2015/texmf-dist/tex/latex/base/report.cls
Document Class: report 2014/09/29 v1.4h Standard LaTeX document class
(/usr/local/texlive/2015/texmf-dist/tex/latex/base/size10.clo
File: size10.clo 2014/09/29 v1.4h Standard LaTeX file (size option)
)
\c@part=\count79
\c@chapter=\count80
\c@section=\count81
\c@subsection=\count82
\c@subsubsection=\count83
\c@paragraph=\count84
\c@subparagraph=\count85
\c@figure=\count86
\c@table=\count87
\abovecaptionskip=\skip41
\belowcaptionskip=\skip42
\bibindent=\dimen102
))
(/usr/local/texlive/2015/texmf-dist/tex/latex/base/inputenc.sty
Package: inputenc 2015/03/17 v1.2c Input encoding file
\inpenc@prehook=\toks14
\inpenc@posthook=\toks15

(/usr/local/texlive/2015/texmf-dist/tex/latex/base/utf8.def
File: utf8.def 2015/09/07 v1.1p UTF-8 support for inputenc
Now handling font encoding OML ...
... no UTF-8 mapping file for font encoding OML
Now handling font encoding T1 ...
... processing UTF-8 mapping file for font encoding T1

(/usr/local/texlive/2015/texmf-dist/tex/latex/base/t1enc.dfu
File: t1enc.dfu 2015/09/07 v1.1p UTF-8 support for inputenc
   defining Unicode char U+00A0 (decimal 160)
   defining Unicode char U+00A1 (decimal 161)
   defining Unicode char U+00A3 (decimal 163)
   defining Unicode char U+00AB (decimal 171)
   defining Unicode char U+00AD (decimal 173)
   defining Unicode char U+00BB (decimal 187)
   defining Unicode char U+00BF (decimal 191)
   defining Unicode char U+00C0 (decimal 192)
   defining Unicode char U+00C1 (decimal 193)
   defining Unicode char U+00C2 (decimal 194)
   defining Unicode char U+00C3 (decimal 195)
   defining Unicode char U+00C4 (decimal 196)
   defining Unicode char U+00C5 (decimal 197)
   defining Unicode char U+00C6 (decimal 198)
   defining Unicode char U+00C7 (decimal 199)
   defining Unicode char U+00C8 (decimal 200)
   defining Unicode char U+00C9 (decimal 201)
   defining Unicode char U+00CA (decimal 202)
   defining Unicode char U+00CB (decimal 203)
   defining Unicode char U+00CC (decimal 204)
   defining Unicode char U+00CD (decimal 205)
   defining Unicode char U+00CE (decimal 206)
   defining Unicode char U+00CF (decimal 207)
   defining Unicode char U+00D0 (decimal 208)
   defining Unicode char U+00D1 (decimal 209)
   defining Unicode char U+00D2 (decimal 210)
   defining Unicode char U+00D3 (decimal 211)
   defining Unicode char U+00D4 (decimal 212)
   defining Unicode char U+00D5 (decimal 213)
   defining Unicode char U+00D6 (decimal 214)
   defining Unicode char U+00D8 (decimal 216)
   defining Unicode char U+00D9 (decimal 217)
   defining Unicode char U+00DA (decimal 218)
   defining Unicode char U+00DB (decimal 219)
   defining Unicode char U+00DC (decimal 220)
   defining Unicode char U+00DD (decimal 221)
   defining Unicode char U+00DE (decimal 222)
   defining Unicode char U+00DF (decimal 223)
   defining Unicode char U+00E0 (decimal 224)
   defining Unicode char U+00E1 (decimal 225)
   defining Unicode char U+00E2 (decimal 226)
   defining Unicode char U+00E3 (decimal 227)
   defining Unicode char U+00E4 (decimal 228)
   defining Unicode char U+00E5 (decimal 229)
   defining Unicode char U+00E6 (decimal 230)
   defining Unicode char U+00E7 (decimal 231)
   defining Unicode char U+00E8 (decimal 232)
   defining Unicode char U+00E9 (decimal 233)
   defining Unicode char U+00EA (decimal 234)
   defining Unicode char U+00EB (decimal 235)
   defining Unicode char U+00EC (decimal 236)
   defining Unicode char U+00ED (decimal 237)
   defining Unicode char U+00EE (decimal 238)
   defining Unicode char U+00EF (decimal 239)
   defining Unicode char U+00F0 (decimal 240)
   defining Unicode char U+00F1 (decimal 241)
   defining Unicode char U+00F2 (decimal 242)
   defining Unicode char U+00F3 (decimal 243)
   defining Unicode char U+00F4 (decimal 244)
   defining Unicode char U+00F5 (decimal 245)
   defining Unicode char U+00F6 (decimal 246)
   defining Unicode char U+00F8 (decimal 248)
   defining Unicode char U+00F9 (decimal 249)
   defining Unicode char U+00FA (decimal 250)
   defining Unicode char U+00FB (decimal 251)
   defining Unicode char U+00FC (decimal 252)
   defining Unicode char U+00FD (decimal 253)
   defining Unicode char U+00FE (decimal 254)
   defining Unicode char U+00FF (decimal 255)
   defining Unicode char U+0102 (decimal 258)
   defining Unicode char U+0103 (decimal 259)
   defining Unicode char U+0104 (decimal 260)
   defining Unicode char U+0105 (decimal 261)
   defining Unicode char U+0106 (decimal 262)
   defining Unicode char U+0107 (decimal 263)
   defining Unicode char U+010C (decimal 268)
   defining Unicode char U+010D (decimal 269)
   defining Unicode char U+010E (decimal 270)
   defining Unicode char U+010F (decimal 271)
   defining Unicode char U+0110 (decimal 272)
   defining Unicode char U+0111 (decimal 273)
   defining Unicode char U+0118 (decimal 280)
   defining Unicode char U+0119 (decimal 281)
   defining Unicode char U+011A (decimal 282)
   defining Unicode char U+011B (decimal 283)
   defining Unicode char U+011E (decimal 286)
   defining Unicode char U+011F (decimal 287)
   defining Unicode char U+0130 (decimal 304)
   defining Unicode char U+0131 (decimal 305)
   defining Unicode char U+0132 (decimal 306)
   defining Unicode char U+0133 (decimal 307)
   defining Unicode char U+0139 (decimal 313)
   defining Unicode char U+013A (decimal 314)
   defining Unicode char U+013D (decimal 317)
   defining Unicode char U+013E (decimal 318)
   defining Unicode char U+0141 (decimal 321)
   defining Unicode char U+0142 (decimal 322)
   defining Unicode char U+0143 (decimal 323)
   defining Unicode char U+0144 (decimal 324)
   defining Unicode char U+0147 (decimal 327)
   defining Unicode char U+0148 (decimal 328)
   defining Unicode char U+014A (decimal 330)
   defining Unicode char U+014B (decimal 331)
   defining Unicode char U+0150 (decimal 336)
   defining Unicode char U+0151 (decimal 337)
   defining Unicode char U+0152 (decimal 338)
   defining Unicode char U+0153 (decimal 339)
   defining Unicode char U+0154 (decimal 340)
   defining Unicode char U+0155 (decimal 341)
   defining Unicode char U+0158 (decimal 344)
   defining Unicode char U+0159 (decimal 345)
   defining Unicode char U+015A (decimal 346)
   defining Unicode char U+015B (decimal 347)
   defining Unicode char U+015E (decimal 350)
   defining Unicode char U+015F (decimal 351)
   defining Unicode char U+0160 (decimal 352)
   defining Unicode char U+0161 (decimal 353)
   defining Unicode char U+0162 (decimal 354)
   defining Unicode char U+0163 (decimal 355)
   defining Unicode char U+0164 (decimal 356)
   defining Unicode char U+0165 (decimal 357)
   defining Unicode char U+016E (decimal 366)
   defining Unicode char U+016F (decimal 367)
   defining Unicode char U+0170 (decimal 368)
   defining Unicode char U+0171 (decimal 369)
   defining Unicode char U+0174 (decimal 372)
   defining Unicode char U+0175 (decimal 373)
   defining Unicode char U+0176 (decimal 374)
   defining Unicode char U+0177 (decimal 375)
   defining Unicode char U+0178 (decimal 376)
   defining Unicode char U+0179 (decimal 377)
   defining Unicode char U+017A (decimal 378)
   defining Unicode char U+017B (decimal 379)
   defining Unicode char U+017C (decimal 380)
   defining Unicode char U+017D (decimal 381)
   defining Unicode char U+017E (decimal 382)
   defining Unicode char U+0218 (decimal 536)
   defining Unicode char U+0219 (decimal 537)
   defining Unicode char U+021A (decimal 538)
   defining Unicode char U+021B (decimal 539)
   defining Unicode char U+200C (decimal 8204)
   defining Unicode char U+2013 (decimal 8211)
   defining Unicode char U+2014 (decimal 8212)
   defining Unicode char U+2018 (decimal 8216)
   defining Unicode char U+2019 (decimal 8217)
   defining Unicode char U+201A (decimal 8218)
   defining Unicode char U+201C (decimal 8220)
   defining Unicode char U+201D (decimal 8221)
   defining Unicode char U+201E (decimal 8222)
   defining Unicode char U+2030 (decimal 8240)
   defining Unicode char U+2031 (decimal 8241)
   defining Unicode char U+2039 (decimal 8249)
   defining Unicode char U+203A (decimal 8250)
   defining Unicode char U+2423 (decimal 9251)
)
Now handling font encoding OT1 ...
... processing UTF-8 mapping file for font encoding OT1

(/usr/local/texlive/2015/texmf-dist/tex/latex/base/ot1enc.dfu
File: ot1enc.dfu 2015/09/07 v1.1p UTF-8 support for inputenc
   defining Unicode char U+00A0 (decimal 160)
   defining Unicode char U+00A1 (decimal 161)
   defining Unicode char U+00A3 (decimal 163)
   defining Unicode char U+00AD (decimal 173)
   defining Unicode char U+00B8 (decimal 184)
   defining Unicode char U+00BF (decimal 191)
   defining Unicode char U+00C5 (decimal 197)
   defining Unicode char U+00C6 (decimal 198)
   defining Unicode char U+00D8 (decimal 216)
   defining Unicode char U+00DF (decimal 223)
   defining Unicode char U+00E6 (decimal 230)
   defining Unicode char U+00EC (decimal 236)
   defining Unicode char U+00ED (decimal 237)
   defining Unicode char U+00EE (decimal 238)
   defining Unicode char U+00EF (decimal 239)
   defining Unicode char U+00F8 (decimal 248)
   defining Unicode char U+0131 (decimal 305)
   defining Unicode char U+0141 (decimal 321)
   defining Unicode char U+0142 (decimal 322)
   defining Unicode char U+0152 (decimal 338)
   defining Unicode char U+0153 (decimal 339)
   defining Unicode char U+0174 (decimal 372)
   defining Unicode char U+0175 (decimal 373)
   defining Unicode char U+0176 (decimal 374)
   defining Unicode char U+0177 (decimal 375)
   defining Unicode char U+0218 (decimal 536)
   defining Unicode char U+0219 (decimal 537)
   defining Unicode char U+021A (decimal 538)
   defining Unicode char U+021B (decimal 539)
   defining Unicode char U+2013 (decimal 8211)
   defining Unicode char U+2014 (decimal 8212)
   defining Unicode char U+2018 (decimal 8216)
   defining Unicode char U+2019 (decimal 8217)
   defining Unicode char U+201C (decimal 8220)
   defining Unicode char U+201D (decimal 8221)
)
Now handling font encoding OMS ...
... processing UTF-8 mapping file for font encoding OMS

(/usr/local/texlive/2015/texmf-dist/tex/latex/base/omsenc.dfu
File: omsenc.dfu 2015/09/07 v1.1p UTF-8 support for inputenc
   defining Unicode char U+00A7 (decimal 167)
   defining Unicode char U+00B6 (decimal 182)
   defining Unicode char U+00B7 (decimal 183)
   defining Unicode char U+2020 (decimal 8224)
   defining Unicode char U+2021 (decimal 8225)
   defining Unicode char U+2022 (decimal 8226)
)
Now handling font encoding OMX ...
... no UTF-8 mapping file for font encoding OMX
Now handling font encoding U ...
... no UTF-8 mapping file for font encoding U
   defining Unicode char U+00A9 (decimal 169)
   defining Unicode char U+00AA (decimal 170)
   defining Unicode char U+00AE (decimal 174)
   defining Unicode char U+00BA (decimal 186)
   defining Unicode char U+02C6 (decimal 710)
   defining Unicode char U+02DC (decimal 732)
   defining Unicode char U+200C (decimal 8204)
   defining Unicode char U+2026 (decimal 8230)
   defining Unicode char U+2122 (decimal 8482)
   defining Unicode char U+2423 (decimal 9251)
))
   defining Unicode char U+00A0 (decimal 160)

(/usr/local/texlive/2015/texmf-dist/tex/latex/cmap/cmap.sty
Package: cmap 2008/03/06 v1.0h CMap support: searchable PDF
)
(/usr/local/texlive/2015/texmf-dist/tex/latex/base/fontenc.sty
Package: fontenc 2005/09/27 v1.99g Standard LaTeX package

(/usr/local/texlive/2015/texmf-dist/tex/latex/base/t1enc.def
File: t1enc.def 2005/09/27 v1.99g Standard LaTeX file
LaTeX Font Info:    Redeclaring font encoding T1 on input line 48.
)<<t1.cmap>>)
(/usr/local/texlive/2015/texmf-dist/tex/generic/babel/babel.sty
Package: babel 2015/08/03 3.9m The Babel package

(/usr/local/texlive/2015/texmf-dist/tex/generic/babel-english/english.ldf
Language: english 2012/08/20 v3.3p English support from the babel system

(/usr/local/texlive/2015/texmf-dist/tex/generic/babel/babel.def
File: babel.def 2015/08/03 3.9m Babel common definitions
\babel@savecnt=\count88
\U@D=\dimen103
)
\l@canadian = a dialect from \language\l@american 
\l@australian = a dialect from \language\l@british 
\l@newzealand = a dialect from \language\l@british 
))
(/usr/local/texlive/2015/texmf-dist/tex/latex/psnfss/times.sty
Package: times 2005/04/12 PSNFSS-v9.2a (SPQR) 
) (./fncychap.sty
Package: fncychap 2007/07/30 v1.34 LaTeX package (Revised chapters)
\RW=\skip43
\mylen=\skip44
\myhi=\skip45
\px=\skip46
\py=\skip47
\pyy=\skip48
\pxx=\skip49
\c@AlphaCnt=\count89
\c@AlphaDecCnt=\count90
) (/usr/local/texlive/2015/texmf-dist/tex/latex/tools/longtable.sty
Package: longtable 2014/10/28 v4.11 Multi-page Table package (DPC)
\LTleft=\skip50
\LTright=\skip51
\LTpre=\skip52
\LTpost=\skip53
\LTchunksize=\count91
\LTcapwidth=\dimen104
\LT@head=\box26
\LT@firsthead=\box27
\LT@foot=\box28
\LT@lastfoot=\box29
\LT@cols=\count92
\LT@rows=\count93
\c@LT@tables=\count94
\c@LT@chunks=\count95
\LT@p@ftn=\toks16
)
(./sphinx.sty
Package: sphinx 2010/01/15 LaTeX package (Sphinx markup)

(/usr/local/texlive/2015/texmf-dist/tex/latex/fancyhdr/fancyhdr.sty
\fancy@headwidth=\skip54
\f@ncyO@elh=\skip55
\f@ncyO@erh=\skip56
\f@ncyO@olh=\skip57
\f@ncyO@orh=\skip58
\f@ncyO@elf=\skip59
\f@ncyO@erf=\skip60
\f@ncyO@olf=\skip61
\f@ncyO@orf=\skip62
)
(/usr/local/texlive/2015/texmf-dist/tex/latex/base/textcomp.sty
Package: textcomp 2005/09/27 v1.99g Standard LaTeX package
Package textcomp Info: Sub-encoding information:
(textcomp)               5 = only ISO-Adobe without \textcurrency
(textcomp)               4 = 5 + \texteuro
(textcomp)               3 = 4 + \textohm
(textcomp)               2 = 3 + \textestimated + \textcurrency
(textcomp)               1 = TS1 - \textcircled - \t
(textcomp)               0 = TS1 (full)
(textcomp)             Font families with sub-encoding setting implement
(textcomp)             only a restricted character set as indicated.
(textcomp)             Family '?' is the default used for unknown fonts.
(textcomp)             See the documentation for details.
Package textcomp Info: Setting ? sub-encoding to TS1/1 on input line 79.

(/usr/local/texlive/2015/texmf-dist/tex/latex/base/ts1enc.def
File: ts1enc.def 2001/06/05 v3.0e (jk/car/fm) Standard LaTeX file
Now handling font encoding TS1 ...
... processing UTF-8 mapping file for font encoding TS1

(/usr/local/texlive/2015/texmf-dist/tex/latex/base/ts1enc.dfu
File: ts1enc.dfu 2015/09/07 v1.1p UTF-8 support for inputenc
   defining Unicode char U+00A2 (decimal 162)
   defining Unicode char U+00A3 (decimal 163)
   defining Unicode char U+00A4 (decimal 164)
   defining Unicode char U+00A5 (decimal 165)
   defining Unicode char U+00A6 (decimal 166)
   defining Unicode char U+00A7 (decimal 167)
   defining Unicode char U+00A8 (decimal 168)
   defining Unicode char U+00A9 (decimal 169)
   defining Unicode char U+00AA (decimal 170)
   defining Unicode char U+00AC (decimal 172)
   defining Unicode char U+00AE (decimal 174)
   defining Unicode char U+00AF (decimal 175)
   defining Unicode char U+00B0 (decimal 176)
   defining Unicode char U+00B1 (decimal 177)
   defining Unicode char U+00B2 (decimal 178)
   defining Unicode char U+00B3 (decimal 179)
   defining Unicode char U+00B4 (decimal 180)
   defining Unicode char U+00B5 (decimal 181)
   defining Unicode char U+00B6 (decimal 182)
   defining Unicode char U+00B7 (decimal 183)
   defining Unicode char U+00B9 (decimal 185)
   defining Unicode char U+00BA (decimal 186)
   defining Unicode char U+00BC (decimal 188)
   defining Unicode char U+00BD (decimal 189)
   defining Unicode char U+00BE (decimal 190)
   defining Unicode char U+00D7 (decimal 215)
   defining Unicode char U+00F7 (decimal 247)
   defining Unicode char U+0192 (decimal 402)
   defining Unicode char U+02C7 (decimal 711)
   defining Unicode char U+02D8 (decimal 728)
   defining Unicode char U+02DD (decimal 733)
   defining Unicode char U+0E3F (decimal 3647)
   defining Unicode char U+2016 (decimal 8214)
   defining Unicode char U+2020 (decimal 8224)
   defining Unicode char U+2021 (decimal 8225)
   defining Unicode char U+2022 (decimal 8226)
   defining Unicode char U+2030 (decimal 8240)
   defining Unicode char U+2031 (decimal 8241)
   defining Unicode char U+203B (decimal 8251)
   defining Unicode char U+203D (decimal 8253)
   defining Unicode char U+2044 (decimal 8260)
   defining Unicode char U+204E (decimal 8270)
   defining Unicode char U+2052 (decimal 8274)
   defining Unicode char U+20A1 (decimal 8353)
   defining Unicode char U+20A4 (decimal 8356)
   defining Unicode char U+20A6 (decimal 8358)
   defining Unicode char U+20A9 (decimal 8361)
   defining Unicode char U+20AB (decimal 8363)
   defining Unicode char U+20AC (decimal 8364)
   defining Unicode char U+20B1 (decimal 8369)
   defining Unicode char U+2103 (decimal 8451)
   defining Unicode char U+2116 (decimal 8470)
   defining Unicode char U+2117 (decimal 8471)
   defining Unicode char U+211E (decimal 8478)
   defining Unicode char U+2120 (decimal 8480)
   defining Unicode char U+2122 (decimal 8482)
   defining Unicode char U+2126 (decimal 8486)
   defining Unicode char U+2127 (decimal 8487)
   defining Unicode char U+212E (decimal 8494)
   defining Unicode char U+2190 (decimal 8592)
   defining Unicode char U+2191 (decimal 8593)
   defining Unicode char U+2192 (decimal 8594)
   defining Unicode char U+2193 (decimal 8595)
   defining Unicode char U+2329 (decimal 9001)
   defining Unicode char U+232A (decimal 9002)
   defining Unicode char U+2422 (decimal 9250)
   defining Unicode char U+25E6 (decimal 9702)
   defining Unicode char U+25EF (decimal 9711)
   defining Unicode char U+266A (decimal 9834)
))
LaTeX Info: Redefining \oldstylenums on input line 334.
Package textcomp Info: Setting cmr sub-encoding to TS1/0 on input line 349.
Package textcomp Info: Setting cmss sub-encoding to TS1/0 on input line 350.
Package textcomp Info: Setting cmtt sub-encoding to TS1/0 on input line 351.
Package textcomp Info: Setting cmvtt sub-encoding to TS1/0 on input line 352.
Package textcomp Info: Setting cmbr sub-encoding to TS1/0 on input line 353.
Package textcomp Info: Setting cmtl sub-encoding to TS1/0 on input line 354.
Package textcomp Info: Setting ccr sub-encoding to TS1/0 on input line 355.
Package textcomp Info: Setting ptm sub-encoding to TS1/4 on input line 356.
Package textcomp Info: Setting pcr sub-encoding to TS1/4 on input line 357.
Package textcomp Info: Setting phv sub-encoding to TS1/4 on input line 358.
Package textcomp Info: Setting ppl sub-encoding to TS1/3 on input line 359.
Package textcomp Info: Setting pag sub-encoding to TS1/4 on input line 360.
Package textcomp Info: Setting pbk sub-encoding to TS1/4 on input line 361.
Package textcomp Info: Setting pnc sub-encoding to TS1/4 on input line 362.
Package textcomp Info: Setting pzc sub-encoding to TS1/4 on input line 363.
Package textcomp Info: Setting bch sub-encoding to TS1/4 on input line 364.
Package textcomp Info: Setting put sub-encoding to TS1/5 on input line 365.
Package textcomp Info: Setting uag sub-encoding to TS1/5 on input line 366.
Package textcomp Info: Setting ugq sub-encoding to TS1/5 on input line 367.
Package textcomp Info: Setting ul8 sub-encoding to TS1/4 on input line 368.
Package textcomp Info: Setting ul9 sub-encoding to TS1/4 on input line 369.
Package textcomp Info: Setting augie sub-encoding to TS1/5 on input line 370.
Package textcomp Info: Setting dayrom sub-encoding to TS1/3 on input line 371.
Package textcomp Info: Setting dayroms sub-encoding to TS1/3 on input line 372.

Package textcomp Info: Setting pxr sub-encoding to TS1/0 on input line 373.
Package textcomp Info: Setting pxss sub-encoding to TS1/0 on input line 374.
Package textcomp Info: Setting pxtt sub-encoding to TS1/0 on input line 375.
Package textcomp Info: Setting txr sub-encoding to TS1/0 on input line 376.
Package textcomp Info: Setting txss sub-encoding to TS1/0 on input line 377.
Package textcomp Info: Setting txtt sub-encoding to TS1/0 on input line 378.
Package textcomp Info: Setting lmr sub-encoding to TS1/0 on input line 379.
Package textcomp Info: Setting lmdh sub-encoding to TS1/0 on input line 380.
Package textcomp Info: Setting lmss sub-encoding to TS1/0 on input line 381.
Package textcomp Info: Setting lmssq sub-encoding to TS1/0 on input line 382.
Package textcomp Info: Setting lmvtt sub-encoding to TS1/0 on input line 383.
Package textcomp Info: Setting lmtt sub-encoding to TS1/0 on input line 384.
Package textcomp Info: Setting qhv sub-encoding to TS1/0 on input line 385.
Package textcomp Info: Setting qag sub-encoding to TS1/0 on input line 386.
Package textcomp Info: Setting qbk sub-encoding to TS1/0 on input line 387.
Package textcomp Info: Setting qcr sub-encoding to TS1/0 on input line 388.
Package textcomp Info: Setting qcs sub-encoding to TS1/0 on input line 389.
Package textcomp Info: Setting qpl sub-encoding to TS1/0 on input line 390.
Package textcomp Info: Setting qtm sub-encoding to TS1/0 on input line 391.
Package textcomp Info: Setting qzc sub-encoding to TS1/0 on input line 392.
Package textcomp Info: Setting qhvc sub-encoding to TS1/0 on input line 393.
Package textcomp Info: Setting futs sub-encoding to TS1/4 on input line 394.
Package textcomp Info: Setting futx sub-encoding to TS1/4 on input line 395.
Package textcomp Info: Setting futj sub-encoding to TS1/4 on input line 396.
Package textcomp Info: Setting hlh sub-encoding to TS1/3 on input line 397.
Package textcomp Info: Setting hls sub-encoding to TS1/3 on input line 398.
Package textcomp Info: Setting hlst sub-encoding to TS1/3 on input line 399.
Package textcomp Info: Setting hlct sub-encoding to TS1/5 on input line 400.
Package textcomp Info: Setting hlx sub-encoding to TS1/5 on input line 401.
Package textcomp Info: Setting hlce sub-encoding to TS1/5 on input line 402.
Package textcomp Info: Setting hlcn sub-encoding to TS1/5 on input line 403.
Package textcomp Info: Setting hlcw sub-encoding to TS1/5 on input line 404.
Package textcomp Info: Setting hlcf sub-encoding to TS1/5 on input line 405.
Package textcomp Info: Setting pplx sub-encoding to TS1/3 on input line 406.
Package textcomp Info: Setting pplj sub-encoding to TS1/3 on input line 407.
Package textcomp Info: Setting ptmx sub-encoding to TS1/4 on input line 408.
Package textcomp Info: Setting ptmj sub-encoding to TS1/4 on input line 409.
)
(/usr/local/texlive/2015/texmf-dist/tex/latex/fancybox/fancybox.sty
Package: fancybox 2010/05/15 1.4

Style option: `fancybox' v1.4 <2010/05/15> (tvz)
\@fancybox=\box30
\shadowsize=\dimen105
\@Sbox=\box31
\do@VerbBox=\toks17
\the@fancyput=\toks18
\this@fancyput=\toks19
\EndVerbatimTokens=\toks20
\Verbatim@Outfile=\write3
\Verbatim@Infile=\read1
) (/usr/local/texlive/2015/texmf-dist/tex/latex/titlesec/titlesec.sty
Package: titlesec 2011/12/15 v2.10.0 Sectioning titles
\ttl@box=\box32
\beforetitleunit=\skip63
\aftertitleunit=\skip64
\ttl@plus=\dimen106
\ttl@minus=\dimen107
\ttl@toksa=\toks21
\titlewidth=\dimen108
\titlewidthlast=\dimen109
\titlewidthfirst=\dimen110
)
(./tabulary.sty
Package: tabulary 2008/12/01 v0.9 tabulary package (DPC)
 (/usr/local/texlive/2015/texmf-dist/tex/latex/tools/array.sty
Package: array 2014/10/28 v2.4c Tabular extension package (FMi)
\col@sep=\dimen111
\extrarowheight=\dimen112
\NC@list=\toks22
\extratabsurround=\skip65
\backup@length=\skip66
)
\TY@count=\count96
\TY@linewidth=\dimen113
\tymin=\dimen114
\tymax=\dimen115
\TY@tablewidth=\dimen116
) (/usr/local/texlive/2015/texmf-dist/tex/latex/amsmath/amsmath.sty
Package: amsmath 2013/01/14 v2.14 AMS math features
\@mathmargin=\skip67

For additional information on amsmath, use the `?' option.
(/usr/local/texlive/2015/texmf-dist/tex/latex/amsmath/amstext.sty
Package: amstext 2000/06/29 v2.01

(/usr/local/texlive/2015/texmf-dist/tex/latex/amsmath/amsgen.sty
File: amsgen.sty 1999/11/30 v2.0
\@emptytoks=\toks23
\ex@=\dimen117
))
(/usr/local/texlive/2015/texmf-dist/tex/latex/amsmath/amsbsy.sty
Package: amsbsy 1999/11/29 v1.2d
\pmbraise@=\dimen118
)
(/usr/local/texlive/2015/texmf-dist/tex/latex/amsmath/amsopn.sty
Package: amsopn 1999/12/14 v2.01 operator names
)
\inf@bad=\count97
LaTeX Info: Redefining \frac on input line 210.
\uproot@=\count98
\leftroot@=\count99
LaTeX Info: Redefining \overline on input line 306.
\classnum@=\count100
\DOTSCASE@=\count101
LaTeX Info: Redefining \ldots on input line 378.
LaTeX Info: Redefining \dots on input line 381.
LaTeX Info: Redefining \cdots on input line 466.
\Mathstrutbox@=\box33
\strutbox@=\box34
\big@size=\dimen119
LaTeX Font Info:    Redeclaring font encoding OML on input line 566.
LaTeX Font Info:    Redeclaring font encoding OMS on input line 567.
\macc@depth=\count102
\c@MaxMatrixCols=\count103
\dotsspace@=\muskip10
\c@parentequation=\count104
\dspbrk@lvl=\count105
\tag@help=\toks24
\row@=\count106
\column@=\count107
\maxfields@=\count108
\andhelp@=\toks25
\eqnshift@=\dimen120
\alignsep@=\dimen121
\tagshift@=\dimen122
\tagwidth@=\dimen123
\totwidth@=\dimen124
\lineht@=\dimen125
\@envbody=\toks26
\multlinegap=\skip68
\multlinetaggap=\skip69
\mathdisplay@stack=\toks27
LaTeX Info: Redefining \[ on input line 2665.
LaTeX Info: Redefining \] on input line 2666.
)
(/usr/local/texlive/2015/texmf-dist/tex/latex/base/makeidx.sty
Package: makeidx 2014/09/29 v1.0m Standard LaTeX package
)
(/usr/local/texlive/2015/texmf-dist/tex/latex/framed/framed.sty
Package: framed 2011/10/22 v 0.96: framed or shaded text with page breaks
\OuterFrameSep=\skip70
\fb@frw=\dimen126
\fb@frh=\dimen127
\FrameRule=\dimen128
\FrameSep=\dimen129
)
(/usr/local/texlive/2015/texmf-dist/tex/latex/base/ifthen.sty
Package: ifthen 2014/09/29 v1.1c Standard LaTeX ifthen package (DPC)
)
(/usr/local/texlive/2015/texmf-dist/tex/latex/graphics/color.sty
Package: color 2014/10/28 v1.1a Standard LaTeX Color (DPC)

(/usr/local/texlive/2015/texmf-dist/tex/latex/latexconfig/color.cfg
File: color.cfg 2007/01/18 v1.5 color configuration of teTeX/TeXLive
)
Package color Info: Driver file: pdftex.def on input line 142.

(/usr/local/texlive/2015/texmf-dist/tex/latex/pdftex-def/pdftex.def
File: pdftex.def 2011/05/27 v0.06d Graphics/color for pdfTeX

(/usr/local/texlive/2015/texmf-dist/tex/generic/oberdiek/infwarerr.sty
Package: infwarerr 2010/04/08 v1.3 Providing info/warning/error messages (HO)
)
(/usr/local/texlive/2015/texmf-dist/tex/generic/oberdiek/ltxcmds.sty
Package: ltxcmds 2011/11/09 v1.22 LaTeX kernel commands for general use (HO)
)
\Gread@gobject=\count109
))
(/usr/local/texlive/2015/texmf-dist/tex/latex/fancyvrb/fancyvrb.sty
Package: fancyvrb 2008/02/07

Style option: `fancyvrb' v2.7a, with DG/SPQR fixes, and firstline=lastline fix 
<2008/02/07> (tvz)
(/usr/local/texlive/2015/texmf-dist/tex/latex/graphics/keyval.sty
Package: keyval 2014/10/28 v1.15 key=value parser (DPC)
\KV@toks@=\toks28
)
\FV@CodeLineNo=\count110
\FV@InFile=\read2
\FV@TabBox=\box35
\c@FancyVerbLine=\count111
\FV@StepNumber=\count112
\FV@OutFile=\write4
)
(/usr/local/texlive/2015/texmf-dist/tex/latex/threeparttable/threeparttable.sty
Package: threeparttable 2003/06/13  v 3.0
\@tempboxb=\box36
) (/usr/local/texlive/2015/texmf-dist/tex/latex/mdwtools/footnote.sty
Package: footnote 1997/01/28 1.13 Save footnotes around boxes
\fn@notes=\box37
\fn@width=\dimen130
)
(/usr/local/texlive/2015/texmf-dist/tex/latex/wrapfig/wrapfig.sty
\wrapoverhang=\dimen131
\WF@size=\dimen132
\c@WF@wrappedlines=\count113
\WF@box=\box38
\WF@everypar=\toks29
Package: wrapfig 2003/01/31  v 3.6
)
(/usr/local/texlive/2015/texmf-dist/tex/latex/parskip/parskip.sty
Package: parskip 2001/04/09 non-zero parskip adjustments
)
(/usr/local/texlive/2015/texmf-dist/tex/latex/base/alltt.sty
Package: alltt 1997/06/16 v2.0g defines alltt environment
)
(/usr/local/texlive/2015/texmf-dist/tex/latex/upquote/upquote.sty
Package: upquote 2012/04/19 v1.3 upright-quote and grave-accent glyphs in verba
tim
)
(/usr/local/texlive/2015/texmf-dist/tex/latex/graphics/graphicx.sty
Package: graphicx 2014/10/28 v1.0g Enhanced LaTeX Graphics (DPC,SPQR)

(/usr/local/texlive/2015/texmf-dist/tex/latex/graphics/graphics.sty
Package: graphics 2014/10/28 v1.0p Standard LaTeX Graphics (DPC,SPQR)

(/usr/local/texlive/2015/texmf-dist/tex/latex/graphics/trig.sty
Package: trig 1999/03/16 v1.09 sin cos tan (DPC)
)
(/usr/local/texlive/2015/texmf-dist/tex/latex/latexconfig/graphics.cfg
File: graphics.cfg 2010/04/23 v1.9 graphics configuration of TeX Live
)
Package graphics Info: Driver file: pdftex.def on input line 94.
)
\Gin@req@height=\dimen133
\Gin@req@width=\dimen134
)
(/usr/local/texlive/2015/texmf-dist/tex/generic/pdftex/pdfcolor.tex)
\distancetoright=\skip71
\py@argswidth=\skip72
\py@noticelength=\skip73
\lineblockindentation=\skip74
\image@box=\box39
\image@width=\dimen135

(/usr/local/texlive/2015/texmf-dist/tex/latex/hyperref/hyperref.sty
Package: hyperref 2012/11/06 v6.83m Hypertext links for LaTeX

(/usr/local/texlive/2015/texmf-dist/tex/generic/oberdiek/hobsub-hyperref.sty
Package: hobsub-hyperref 2012/05/28 v1.13 Bundle oberdiek, subset hyperref (HO)


(/usr/local/texlive/2015/texmf-dist/tex/generic/oberdiek/hobsub-generic.sty
Package: hobsub-generic 2012/05/28 v1.13 Bundle oberdiek, subset generic (HO)
Package: hobsub 2012/05/28 v1.13 Construct package bundles (HO)
Package hobsub Info: Skipping package `infwarerr' (already loaded).
Package hobsub Info: Skipping package `ltxcmds' (already loaded).
Package: ifluatex 2010/03/01 v1.3 Provides the ifluatex switch (HO)
Package ifluatex Info: LuaTeX not detected.
Package: ifvtex 2010/03/01 v1.5 Detect VTeX and its facilities (HO)
Package ifvtex Info: VTeX not detected.
Package: intcalc 2007/09/27 v1.1 Expandable calculations with integers (HO)
Package: ifpdf 2011/01/30 v2.3 Provides the ifpdf switch (HO)
Package ifpdf Info: pdfTeX in PDF mode is detected.
Package: etexcmds 2011/02/16 v1.5 Avoid name clashes with e-TeX commands (HO)
Package etexcmds Info: Could not find \expanded.
(etexcmds)             That can mean that you are not using pdfTeX 1.50 or
(etexcmds)             that some package has redefined \expanded.
(etexcmds)             In the latter case, load this package earlier.
Package: kvsetkeys 2012/04/25 v1.16 Key value parser (HO)
Package: kvdefinekeys 2011/04/07 v1.3 Define keys (HO)
Package: pdftexcmds 2011/11/29 v0.20 Utility functions of pdfTeX for LuaTeX (HO
)
Package pdftexcmds Info: LuaTeX not detected.
Package pdftexcmds Info: \pdf@primitive is available.
Package pdftexcmds Info: \pdf@ifprimitive is available.
Package pdftexcmds Info: \pdfdraftmode found.
Package: pdfescape 2011/11/25 v1.13 Implements pdfTeX's escape features (HO)
Package: bigintcalc 2012/04/08 v1.3 Expandable calculations on big integers (HO
)
Package: bitset 2011/01/30 v1.1 Handle bit-vector datatype (HO)
Package: uniquecounter 2011/01/30 v1.2 Provide unlimited unique counter (HO)
)
Package hobsub Info: Skipping package `hobsub' (already loaded).
Package: letltxmacro 2010/09/02 v1.4 Let assignment for LaTeX macros (HO)
Package: hopatch 2012/05/28 v1.2 Wrapper for package hooks (HO)
Package: xcolor-patch 2011/01/30 xcolor patch
Package: atveryend 2011/06/30 v1.8 Hooks at the very end of document (HO)
Package atveryend Info: \enddocument detected (standard20110627).
Package: atbegshi 2011/10/05 v1.16 At begin shipout hook (HO)
Package: refcount 2011/10/16 v3.4 Data extraction from label references (HO)
Package: hycolor 2011/01/30 v1.7 Color options for hyperref/bookmark (HO)
)
(/usr/local/texlive/2015/texmf-dist/tex/generic/ifxetex/ifxetex.sty
Package: ifxetex 2010/09/12 v0.6 Provides ifxetex conditional
)
(/usr/local/texlive/2015/texmf-dist/tex/latex/oberdiek/auxhook.sty
Package: auxhook 2011/03/04 v1.3 Hooks for auxiliary files (HO)
)
(/usr/local/texlive/2015/texmf-dist/tex/latex/oberdiek/kvoptions.sty
Package: kvoptions 2011/06/30 v3.11 Key value format for package options (HO)
)
\@linkdim=\dimen136
\Hy@linkcounter=\count114
\Hy@pagecounter=\count115

(/usr/local/texlive/2015/texmf-dist/tex/latex/hyperref/pd1enc.def
File: pd1enc.def 2012/11/06 v6.83m Hyperref: PDFDocEncoding definition (HO)
Now handling font encoding PD1 ...
... no UTF-8 mapping file for font encoding PD1
)
\Hy@SavedSpaceFactor=\count116

(/usr/local/texlive/2015/texmf-dist/tex/latex/latexconfig/hyperref.cfg
File: hyperref.cfg 2002/06/06 v1.2 hyperref configuration of TeXLive
)
Package hyperref Info: Option `colorlinks' set `true' on input line 4319.
Package hyperref Info: Option `breaklinks' set `true' on input line 4319.
Package hyperref Info: Hyper figures OFF on input line 4443.
Package hyperref Info: Link nesting OFF on input line 4448.
Package hyperref Info: Hyper index ON on input line 4451.
Package hyperref Info: Plain pages OFF on input line 4458.
Package hyperref Info: Backreferencing OFF on input line 4463.
Package hyperref Info: Implicit mode ON; LaTeX internals redefined.
Package hyperref Info: Bookmarks ON on input line 4688.
\c@Hy@tempcnt=\count117

(/usr/local/texlive/2015/texmf-dist/tex/latex/url/url.sty
\Urlmuskip=\muskip11
Package: url 2013/09/16  ver 3.4  Verb mode for urls, etc.
)
LaTeX Info: Redefining \url on input line 5041.
\XeTeXLinkMargin=\dimen137
\Fld@menulength=\count118
\Field@Width=\dimen138
\Fld@charsize=\dimen139
Package hyperref Info: Hyper figures OFF on input line 6295.
Package hyperref Info: Link nesting OFF on input line 6300.
Package hyperref Info: Hyper index ON on input line 6303.
Package hyperref Info: backreferencing OFF on input line 6310.
Package hyperref Info: Link coloring ON on input line 6313.
Package hyperref Info: Link coloring with OCG OFF on input line 6320.
Package hyperref Info: PDF/A mode OFF on input line 6325.
LaTeX Info: Redefining \ref on input line 6365.
LaTeX Info: Redefining \pageref on input line 6369.
\Hy@abspage=\count119
\c@Item=\count120
\c@Hfootnote=\count121
)

Package hyperref Message: Driver (autodetected): hpdftex.

(/usr/local/texlive/2015/texmf-dist/tex/latex/hyperref/hpdftex.def
File: hpdftex.def 2012/11/06 v6.83m Hyperref driver for pdfTeX
\Fld@listcount=\count122
\c@bookmark@seq@number=\count123

(/usr/local/texlive/2015/texmf-dist/tex/latex/oberdiek/rerunfilecheck.sty
Package: rerunfilecheck 2011/04/15 v1.7 Rerun checks for auxiliary files (HO)
Package uniquecounter Info: New unique counter `rerunfilecheck' on input line 2
82.
)
\Hy@SectionHShift=\skip75
)
(/usr/local/texlive/2015/texmf-dist/tex/latex/oberdiek/hypcap.sty
Package: hypcap 2011/02/16 v1.11 Adjusting the anchors of captions (HO)
)
\DUlineblockindent=\skip76

(/usr/local/texlive/2015/texmf-dist/tex/latex/float/float.sty
Package: float 2001/11/08 v1.3d Float enhancements (AL)
\c@float@type=\count124
\float@exts=\toks30
\float@box=\box40
\@float@everytoks=\toks31
\@floatcapt=\box41
)
\@float@every@literal-block=\toks32
\c@literal-block=\count125
)
(/usr/local/texlive/2015/texmf-dist/tex/latex/multirow/multirow.sty
\bigstrutjot=\dimen140
)
\@indexfile=\write5
\openout5 = `clearmap.idx'.


Writing index file clearmap.idx
(./clearmap.aux)
\openout1 = `clearmap.aux'.

LaTeX Font Info:    Checking defaults for OML/cmm/m/it on input line 126.
LaTeX Font Info:    ... okay on input line 126.
LaTeX Font Info:    Checking defaults for T1/cmr/m/n on input line 126.
LaTeX Font Info:    ... okay on input line 126.
LaTeX Font Info:    Checking defaults for OT1/cmr/m/n on input line 126.
LaTeX Font Info:    ... okay on input line 126.
LaTeX Font Info:    Checking defaults for OMS/cmsy/m/n on input line 126.
LaTeX Font Info:    ... okay on input line 126.
LaTeX Font Info:    Checking defaults for OMX/cmex/m/n on input line 126.
LaTeX Font Info:    ... okay on input line 126.
LaTeX Font Info:    Checking defaults for U/cmr/m/n on input line 126.
LaTeX Font Info:    ... okay on input line 126.
LaTeX Font Info:    Checking defaults for TS1/cmr/m/n on input line 126.
LaTeX Font Info:    Try loading font information for TS1+cmr on input line 126.

 (/usr/local/texlive/2015/texmf-dist/tex/latex/base/ts1cmr.fd
File: ts1cmr.fd 2014/09/29 v2.5h Standard LaTeX font definitions
)
LaTeX Font Info:    ... okay on input line 126.
LaTeX Font Info:    Checking defaults for PD1/pdf/m/n on input line 126.
LaTeX Font Info:    ... okay on input line 126.
LaTeX Font Info:    Try loading font information for T1+ptm on input line 126.

(/usr/local/texlive/2015/texmf-dist/tex/latex/psnfss/t1ptm.fd
File: t1ptm.fd 2001/06/04 font definitions for T1/ptm.
)
(/usr/local/texlive/2015/texmf-dist/tex/context/base/supp-pdf.mkii
[Loading MPS to PDF converter (version 2006.09.02).]
\scratchcounter=\count126
\scratchdimen=\dimen141
\scratchbox=\box42
\nofMPsegments=\count127
\nofMParguments=\count128
\everyMPshowfont=\toks33
\MPscratchCnt=\count129
\MPscratchDim=\dimen142
\MPnumerator=\count130
\makeMPintoPDFobject=\count131
\everyMPtoPDFconversion=\toks34
) (/usr/local/texlive/2015/texmf-dist/tex/latex/oberdiek/epstopdf-base.sty
Package: epstopdf-base 2010/02/09 v2.5 Base part for package epstopdf

(/usr/local/texlive/2015/texmf-dist/tex/latex/oberdiek/grfext.sty
Package: grfext 2010/08/19 v1.1 Manage graphics extensions (HO)
)
Package grfext Info: Graphics extension search list:
(grfext)             [.png,.pdf,.jpg,.mps,.jpeg,.jbig2,.jb2,.PNG,.PDF,.JPG,.JPE
G,.JBIG2,.JB2,.eps]
(grfext)             \AppendGraphicsExtensions on input line 452.

(/usr/local/texlive/2015/texmf-dist/tex/latex/latexconfig/epstopdf-sys.cfg
File: epstopdf-sys.cfg 2010/07/13 v1.3 Configuration of (r)epstopdf for TeX Liv
e
))
\AtBeginShipoutBox=\box43
Package hyperref Info: Link coloring ON on input line 126.

(/usr/local/texlive/2015/texmf-dist/tex/latex/hyperref/nameref.sty
Package: nameref 2012/10/27 v2.43 Cross-referencing by name of section

(/usr/local/texlive/2015/texmf-dist/tex/generic/oberdiek/gettitlestring.sty
Package: gettitlestring 2010/12/03 v1.4 Cleanup title references (HO)
)
\c@section@level=\count132
)
LaTeX Info: Redefining \ref on input line 126.
LaTeX Info: Redefining \pageref on input line 126.
LaTeX Info: Redefining \nameref on input line 126.

(./clearmap.out) (./clearmap.out)
\@outlinefile=\write6
\openout6 = `clearmap.out'.


Underfull \hbox (badness 10000) in paragraph at lines 129--129

 []

LaTeX Font Info:    Try loading font information for T1+phv on input line 129.
(/usr/local/texlive/2015/texmf-dist/tex/latex/psnfss/t1phv.fd
File: t1phv.fd 2001/06/04 scalable font definitions for T1/phv.
)
LaTeX Font Info:    Font shape `T1/phv/bx/n' in size <24.88> not available
(Font)              Font shape `T1/phv/b/n' tried instead on input line 129.
LaTeX Font Info:    Font shape `T1/phv/m/it' in size <17.28> not available
(Font)              Font shape `T1/phv/m/sl' tried instead on input line 129.
LaTeX Font Info:    Font shape `T1/phv/bx/it' in size <17.28> not available
(Font)              Font shape `T1/phv/b/it' tried instead on input line 129.
LaTeX Font Info:    Font shape `T1/phv/b/it' in size <17.28> not available
(Font)              Font shape `T1/phv/b/sl' tried instead on input line 129.
LaTeX Font Info:    Font shape `T1/phv/bx/n' in size <17.28> not available
(Font)              Font shape `T1/phv/b/n' tried instead on input line 129.
<<ot1.cmap>><<oml.cmap>><<oms.cmap>><<omx.cmap>> [1

{/usr/local/texlive/2015/texmf-var/fonts/map/pdftex/updmap/pdftex.map}] [2

] (./clearmap.toc
LaTeX Font Info:    Font shape `T1/ptm/bx/n' in size <10> not available
(Font)              Font shape `T1/ptm/b/n' tried instead on input line 2.
)
\tf@toc=\write7
\openout7 = `clearmap.toc'.


Adding blank page after the table of contents.
LaTeX Font Info:    Font shape `T1/phv/bx/n' in size <10> not available
(Font)              Font shape `T1/phv/b/n' tried instead on input line 129.
[1

] [2] [1

] [2

]
Chapter 1.
LaTeX Font Info:    Font shape `T1/phv/bx/n' in size <14.4> not available
(Font)              Font shape `T1/phv/b/n' tried instead on input line 144.
LaTeX Font Info:    Font shape `T1/ptm/bx/n' in size <14.4> not available
(Font)              Font shape `T1/ptm/b/n' tried instead on input line 144.
LaTeX Font Info:    Font shape `T1/ptm/bx/n' in size <24.88> not available
(Font)              Font shape `T1/ptm/b/n' tried instead on input line 144.
LaTeX Font Info:    Font shape `T1/phv/bx/n' in size <12> not available
(Font)              Font shape `T1/phv/b/n' tried instead on input line 150.
LaTeX Font Info:    Try loading font information for T1+pcr on input line 178.
(/usr/local/texlive/2015/texmf-dist/tex/latex/psnfss/t1pcr.fd
File: t1pcr.fd 2001/06/04 font definitions for T1/pcr.
) [3] [4

]
Chapter 2.
LaTeX Font Info:    Try loading font information for TS1+ptm on input line 192.

(/usr/local/texlive/2015/texmf-dist/tex/latex/psnfss/ts1ptm.fd
File: ts1ptm.fd 2001/06/04 font definitions for TS1/ptm.
) [5]
LaTeX Font Info:    Font shape `T1/pcr/m/it' in size <10> not available
(Font)              Font shape `T1/pcr/m/sl' tried instead on input line 385.
 [6]
[7]
LaTeX Font Info:    Font shape `T1/pcr/bx/n' in size <9> not available
(Font)              Font shape `T1/pcr/b/n' tried instead on input line 545.
LaTeX Font Info:    Try loading font information for TS1+pcr on input line 545.

 (/usr/local/texlive/2015/texmf-dist/tex/latex/psnfss/ts1pcr.fd
File: ts1pcr.fd 2001/06/04 font definitions for TS1/pcr.
)
LaTeX Font Info:    Font shape `T1/pcr/m/it' in size <9> not available
(Font)              Font shape `T1/pcr/m/sl' tried instead on input line 552.
 [8]
LaTeX Font Info:    Font shape `T1/phv/bx/it' in size <10> not available
(Font)              Font shape `T1/phv/b/it' tried instead on input line 661.
LaTeX Font Info:    Font shape `T1/phv/b/it' in size <10> not available
(Font)              Font shape `T1/phv/b/sl' tried instead on input line 661.

[9] [10] [11]
LaTeX Font Info:    Font shape `T1/phv/bx/n' in size <9> not available
(Font)              Font shape `T1/phv/b/n' tried instead on input line 857.
 [12] [13] [14] [15] [16] [17] [18] [19] [20] [21]
Underfull \hbox (badness 10000) in paragraph at lines 1474--1476
[]\T1/ptm/m/n/10 In ClearMap we pro-vide some ba-sic vi-su-al-iza-tion tools to
 in-spect the 3d data in the mod-ule
 []

<imageanalysis-1.pdf, id=340, 578.16pt x 433.62pt>
File: imageanalysis-1.pdf Graphic file (type pdf)
 <use imageanalysis-1.pdf>
Package pdftex.def Info: imageanalysis-1.pdf used on input line 1495.
(pdftex.def)             Requested size: 578.15858pt x 433.61894pt.
File: imageanalysis-1.pdf Graphic file (type pdf)

<use imageanalysis-1.pdf>
Package pdftex.def Info: imageanalysis-1.pdf used on input line 1495.
(pdftex.def)             Requested size: 469.755pt x 352.31538pt.
 [22]
<imageanalysis-2.pdf, id=348, 578.16pt x 433.62pt>
File: imageanalysis-2.pdf Graphic file (type pdf)
 <use imageanalysis-2.pdf>
Package pdftex.def Info: imageanalysis-2.pdf used on input line 1503.
(pdftex.def)             Requested size: 578.15858pt x 433.61894pt.
File: imageanalysis-2.pdf Graphic file (type pdf)

<use imageanalysis-2.pdf>
Package pdftex.def Info: imageanalysis-2.pdf used on input line 1503.
(pdftex.def)             Requested size: 469.755pt x 352.31538pt.
 [23 <./imageanalysis-1.pdf>]
<imageanalysis-3.pdf, id=403, 578.16pt x 433.62pt>
File: imageanalysis-3.pdf Graphic file (type pdf)
 <use imageanalysis-3.pdf>
Package pdftex.def Info: imageanalysis-3.pdf used on input line 1511.
(pdftex.def)             Requested size: 578.15858pt x 433.61894pt.
File: imageanalysis-3.pdf Graphic file (type pdf)

<use imageanalysis-3.pdf>
Package pdftex.def Info: imageanalysis-3.pdf used on input line 1511.
(pdftex.def)             Requested size: 469.755pt x 352.31538pt.
 [24 <./imageanalysis-2.pdf>]
Underfull \hbox (badness 10000) in paragraph at lines 1516--1520
\T1/ptm/m/n/10 It is use-ful to gather some in-for-ma-tion about the im-age ini
-tially. For larger im-ages that
 []


Underfull \hbox (badness 10000) in paragraph at lines 1516--1520
\T1/ptm/m/n/10 don't fit in mem-ory in ClearMap cer-tain statis-tics can be gat
h-ered in par-al-lel via the mod-ule
 []

[25 <./imageanalysis-3.pdf>]
Underfull \hbox (badness 10000) in paragraph at lines 1548--1550
\T1/ptm/m/n/10 One of the first steps is of-ten to re-move back-ground vari-a-t
ions. The
 []

<imageanalysis-4.pdf, id=463, 578.16pt x 433.62pt>
File: imageanalysis-4.pdf Graphic file (type pdf)
 <use imageanalysis-4.pdf>
Package pdftex.def Info: imageanalysis-4.pdf used on input line 1557.
(pdftex.def)             Requested size: 578.15858pt x 433.61894pt.
File: imageanalysis-4.pdf Graphic file (type pdf)

<use imageanalysis-4.pdf>
Package pdftex.def Info: imageanalysis-4.pdf used on input line 1557.
(pdftex.def)             Requested size: 469.755pt x 352.31538pt.
 <imageanalysis-5.pdf, id=464, 578.16pt x 433.62pt>
File: imageanalysis-5.pdf Graphic file (type pdf)

<use imageanalysis-5.pdf>
Package pdftex.def Info: imageanalysis-5.pdf used on input line 1566.
(pdftex.def)             Requested size: 578.15858pt x 433.61894pt.
File: imageanalysis-5.pdf Graphic file (type pdf)
 <use imageanalysis-5.pdf>
Package pdftex.def Info: imageanalysis-5.pdf used on input line 1566.
(pdftex.def)             Requested size: 469.755pt x 352.31538pt.
 [26 <./imageanalysis-4.pdf>] <imageanalysis-6.pdf, id=493, 578.16pt x 433.62pt
>
File: imageanalysis-6.pdf Graphic file (type pdf)
 <use imageanalysis-6.pdf>
Package pdftex.def Info: imageanalysis-6.pdf used on input line 1582.
(pdftex.def)             Requested size: 578.15858pt x 433.61894pt.
File: imageanalysis-6.pdf Graphic file (type pdf)

<use imageanalysis-6.pdf>
Package pdftex.def Info: imageanalysis-6.pdf used on input line 1582.
(pdftex.def)             Requested size: 469.755pt x 352.31538pt.
 [27 <./imageanalysis-5.pdf>]
Underfull \hbox (badness 10000) in paragraph at lines 1587--1591
\T1/ptm/m/n/10 The [][]\T1/pcr/m/sl/10 ClearMap.ImageProcessing.MaximaDetection
[][] \T1/ptm/m/n/10 mod-ule con-tains a set of use-ful
 []


Underfull \hbox (badness 10000) in paragraph at lines 1587--1591
\T1/ptm/m/n/10 func-tions for the de-tec-tion of lo-cal max-ima. A la-beled im-
age can be vi-su-al-ized us-ing the
 []

<imageanalysis-7.pdf, id=524, 578.16pt x 433.62pt>
File: imageanalysis-7.pdf Graphic file (type pdf)
 <use imageanalysis-7.pdf>
Package pdftex.def Info: imageanalysis-7.pdf used on input line 1598.
(pdftex.def)             Requested size: 578.15858pt x 433.61894pt.
File: imageanalysis-7.pdf Graphic file (type pdf)

<use imageanalysis-7.pdf>
Package pdftex.def Info: imageanalysis-7.pdf used on input line 1598.
(pdftex.def)             Requested size: 469.755pt x 352.31538pt.
 [28 <./imageanalysis-6.pdf>]
<imageanalysis-8.pdf, id=554, 578.16pt x 433.62pt>
File: imageanalysis-8.pdf Graphic file (type pdf)
 <use imageanalysis-8.pdf>
Package pdftex.def Info: imageanalysis-8.pdf used on input line 1607.
(pdftex.def)             Requested size: 578.15858pt x 433.61894pt.
File: imageanalysis-8.pdf Graphic file (type pdf)

<use imageanalysis-8.pdf>
Package pdftex.def Info: imageanalysis-8.pdf used on input line 1607.
(pdftex.def)             Requested size: 469.755pt x 352.31538pt.
 [29 <./imageanalysis-7.pdf>]
<imageanalysis-9.pdf, id=581, 578.16pt x 433.62pt>
File: imageanalysis-9.pdf Graphic file (type pdf)
 <use imageanalysis-9.pdf>
Package pdftex.def Info: imageanalysis-9.pdf used on input line 1628.
(pdftex.def)             Requested size: 578.15858pt x 433.61894pt.
File: imageanalysis-9.pdf Graphic file (type pdf)

<use imageanalysis-9.pdf>
Package pdftex.def Info: imageanalysis-9.pdf used on input line 1628.
(pdftex.def)             Requested size: 469.755pt x 352.31538pt.
 [30 <./imageanalysis-8.pdf>]
<imageanalysis-10.pdf, id=610, 578.16pt x 433.62pt>
File: imageanalysis-10.pdf Graphic file (type pdf)
 <use imageanalysis-10.pdf>
Package pdftex.def Info: imageanalysis-10.pdf used on input line 1643.
(pdftex.def)             Requested size: 578.15858pt x 433.61894pt.
File: imageanalysis-10.pdf Graphic file (type pdf)

<use imageanalysis-10.pdf>
Package pdftex.def Info: imageanalysis-10.pdf used on input line 1643.
(pdftex.def)             Requested size: 469.755pt x 352.31538pt.
 [31 <./imageanalysis-9.pdf>]
<imageanalysis-11.pdf, id=638, 578.16pt x 433.62pt>
File: imageanalysis-11.pdf Graphic file (type pdf)
 <use imageanalysis-11.pdf>
Package pdftex.def Info: imageanalysis-11.pdf used on input line 1664.
(pdftex.def)             Requested size: 578.15858pt x 433.61894pt.
File: imageanalysis-11.pdf Graphic file (type pdf)

<use imageanalysis-11.pdf>
Package pdftex.def Info: imageanalysis-11.pdf used on input line 1664.
(pdftex.def)             Requested size: 469.755pt x 352.31538pt.
 [32 <./imageanalysis-10.pdf>] [33 <./imageanalysis-11.pdf>] [34]
Chapter 3.
[35

] [36]
LaTeX Font Info:    Font shape `T1/pcr/bx/n' in size <10> not available
(Font)              Font shape `T1/pcr/b/n' tried instead on input line 1991.
 [37] [38] [39] [40]
Underfull \hbox (badness 10000) in paragraph at lines 2561--2564

 []

[41]
Underfull \hbox (badness 10000) in paragraph at lines 2659--2659
[]\T1/ptm/m/it/10 filename\T1/ptm/m/n/10 , \T1/ptm/m/it/10 prop-er-ties-Post-fi
x='_intensities'\T1/ptm/m/n/10 ,
 []

[42] [43] [44] [45] [46] [47] [48] [49] [50] [51] [52] [53] [54]
Underfull \hbox (badness 10000) in paragraph at lines 4389--4392
[]\T1/ptm/b/n/10 path \T1/ptm/m/n/10 (\T1/ptm/m/it/10 str or None\T1/ptm/m/n/10
 ) -- path to elastix root di-rec-tory if None
 []

[55]
Underfull \hbox (badness 10000) in paragraph at lines 4419--4421
[][][]\T1/pcr/m/sl/10 ElastixBinary[][]\T1/ptm/m/n/10 , [][]\T1/pcr/m/sl/10 Ela
stixLib[][]\T1/ptm/m/n/10 , [][]\T1/pcr/m/sl/10 TransformixBinary[][]\T1/ptm/m/
n/10 , [][]\T1/pcr/m/sl/10 Initialized[][]\T1/ptm/m/n/10 ,
 []

[56] [57] [58] [59] [60] [61]
Underfull \hbox (badness 6078) in paragraph at lines 5296--5296
[]\T1/ptm/m/it/10 sink\T1/ptm/m/n/10 , \T1/ptm/m/it/10 source=None\T1/ptm/m/n/1
0 , \T1/ptm/m/it/10 data-Size-Source=None\T1/ptm/m/n/10 , \T1/ptm/m/it/10 ori-e
n-ta-tion=None\T1/ptm/m/n/10 , \T1/ptm/m/it/10 res-o-lu-tion-
 []


Underfull \hbox (badness 5091) in paragraph at lines 5305--5307
[]\T1/ptm/b/n/10 source \T1/ptm/m/n/10 (\T1/ptm/m/it/10 str or ar-ray\T1/ptm/m/
n/10 ) -- des-ti-na-tion for in-ver-sly resmapled im-age (=source in
 []

[62] [63] [64] [65] [66] [67] [68] [69]
Overfull \hbox (1.05194pt too wide) in paragraph at lines 6245--6245
[]\T1/ptm/m/it/10 thresh- 
 []

[70]
Overfull \hbox (1.50256pt too wide) in paragraph at lines 6489--6489
[]\T1/ptm/m/it/10 sigma2|  
 []

[71] [72] [73] [74]
Underfull \hbox (badness 10000) in paragraph at lines 7113--7113
[]\T1/ptm/m/it/10 data\T1/ptm/m/n/10 , \T1/ptm/m/it/10 sink=None\T1/ptm/m/n/10 
, \T1/ptm/m/it/10 method='polynomial'\T1/ptm/m/n/10 , \T1/ptm/m/it/10 re-verse=
None\T1/ptm/m/n/10 , \T1/ptm/m/it/10 ver-
 []

[75]
Overfull \hbox (6.21593pt too wide) in paragraph at lines 7207--7207
[]\T1/phv/m/n/10 Name|  
 []

[76]
Underfull \hbox (badness 10000) in paragraph at lines 7314--7314
[]\T1/ptm/m/it/10 img\T1/ptm/m/n/10 , \T1/ptm/m/it/10 mask\T1/ptm/m/n/10 , \T1/
ptm/m/it/10 greyRe-con-struc-tion-Pa-ram-e-ter=None\T1/ptm/m/n/10 , \T1/ptm/m/i
t/10 method=None\T1/ptm/m/n/10 , \T1/ptm/m/it/10 size=3\T1/ptm/m/n/10 ,
 []

[77]
Underfull \hbox (badness 10000) in paragraph at lines 7434--7437
[]\T1/ptm/m/n/10 After ex-e-cu-tion this ex-am-ple in-spect the re-sult of the 
cell de-tec-tion in the folder
 []

[78]
Underfull \hbox (badness 10000) in paragraph at lines 7591--7591
[]\T1/ptm/m/it/10 img\T1/ptm/m/n/10 , \T1/ptm/m/it/10 find-Ex-tend-ed-Max-ima-P
a-ram-e-ter=None\T1/ptm/m/n/10 , \T1/ptm/m/it/10 hMax=None\T1/ptm/m/n/10 , \T1/
ptm/m/it/10 size=5\T1/ptm/m/n/10 , \T1/ptm/m/it/10 thresh-
 []

[79]
Underfull \hbox (badness 10000) in paragraph at lines 7688--7688
[]\T1/ptm/m/it/10 img\T1/ptm/m/n/10 , \T1/ptm/m/it/10 img-max=None\T1/ptm/m/n/1
0 , \T1/ptm/m/it/10 la-bel=None\T1/ptm/m/n/10 , \T1/ptm/m/it/10 find-Cen-terOf-
Max-ima-Pa-ram-e-ter=None\T1/ptm/m/n/10 ,
 []


Overfull \hbox (1.52386pt too wide) in paragraph at lines 7723--7723
[]\T1/phv/m/n/10 Name|  
 []

[80]
Overfull \hbox (6.51537pt too wide) in paragraph at lines 7822--7822
[]\T1/phv/m/n/10 Name|  
 []


Overfull \hbox (9.55527pt too wide) in paragraph at lines 7822--7822
[]\T1/ptm/m/it/10 method|  
 []


Overfull \hbox (66.51932pt too wide) in paragraph at lines 7909--7912
[]
 []

[81]
Overfull \hbox (4.53415pt too wide) in paragraph at lines 8104--8104
[]\T1/phv/m/n/10 Name|  
 []


Overfull \hbox (7.57405pt too wide) in paragraph at lines 8104--8104
[]\T1/ptm/m/it/10 method|  
 []

[82]
Underfull \hbox (badness 10000) in paragraph at lines 8134--8134
[]\T1/ptm/m/it/10 img\T1/ptm/m/n/10 , \T1/ptm/m/it/10 cal-cu-lat-eS-tatis-tic-s
Pa-ram-e-ter=None\T1/ptm/m/n/10 , \T1/ptm/m/it/10 method='Max'\T1/ptm/m/n/10 , 
\T1/ptm/m/it/10 re-
 []


Underfull \hbox (badness 10000) in paragraph at lines 8134--8134
\T1/ptm/m/it/10 move=True\T1/ptm/m/n/10 , \T1/ptm/m/it/10 ver-bose=False\T1/ptm
/m/n/10 , \T1/ptm/m/it/10 sub-Stack=None\T1/ptm/m/n/10 , \T1/ptm/m/it/10 out=<o
pen file
 []


Overfull \hbox (4.53415pt too wide) in paragraph at lines 8178--8178
[]\T1/phv/m/n/10 Name|  
 []


Overfull \hbox (7.57405pt too wide) in paragraph at lines 8178--8178
[]\T1/ptm/m/it/10 method|  
 []


Overfull \hbox (5.44794pt too wide) in paragraph at lines 8238--8238
[]\T1/phv/m/n/10 Name|  
 []


Overfull \hbox (8.48784pt too wide) in paragraph at lines 8238--8238
[]\T1/ptm/m/it/10 method|  
 []

[83] [84]
Overfull \hbox (111.56721pt too wide) in paragraph at lines 8404--8405
[]\T1/ptm/m/n/10 modified from [][]http://statsmodels.sourceforge.net/ipdirecti
ve/generated/scikits.statsmodels.sandbox.stats.multicomp.multipletests.html[][]
 
 []

[85] [86]
Overfull \hbox (110.66968pt too wide) in paragraph at lines 8648--8648
[]\T1/ptm/m/it/10 slf\T1/ptm/m/n/10 , \T1/ptm/m/it/10 an-no-ta-tion-File='/home
/mtllab/Programs/ClearMap/idisco/ClearMap/Data/ARA2_annotation_info_collapse.cs
v'\T1/pcr/m/n/10 ) 
 []


Overfull \hbox (116.17006pt too wide) in paragraph at lines 8703--8703
[]\T1/ptm/m/it/10 slf\T1/ptm/m/n/10 , \T1/ptm/m/it/10 an-no-ta-tion-File='/home
/mtllab/Programs/ClearMap/idisco/ClearMap/Data/ARA2_annotation_info_collapse.cs
v'\T1/pcr/m/n/10 ) 
 []

[87]
Overfull \hbox (80.20036pt too wide) in paragraph at lines 8768--8768
[]\T1/ptm/m/it/10 annotationFile='/home/mtllab/Programs/ClearMap/idisco/ClearMa
p/Data/ARA2_annotation_info_collapse.csv'\T1/pcr/m/n/10 ) 
 []


Overfull \hbox (121.52946pt too wide) in paragraph at lines 8786--8786
[]\T1/ptm/m/it/10 points\T1/ptm/m/n/10 , \T1/ptm/m/it/10 la-beled-Im-age='/home
/mtllab/Programs/ClearMap/idisco/ClearMap/Test/Data/Annotation/annotation_25_ri
ght.tif'\T1/ptm/m/n/10 ,
 []


Overfull \hbox (175.52946pt too wide) in paragraph at lines 8792--8792
[]\T1/ptm/m/it/10 points\T1/ptm/m/n/10 , \T1/ptm/m/it/10 la-beled-Im-age='/home
/mtllab/Programs/ClearMap/idisco/ClearMap/Test/Data/Annotation/annotation_25_ri
ght.tif'\T1/ptm/m/n/10 ,
 []


Overfull \hbox (227.29947pt too wide) in paragraph at lines 8926--8926
[]\T1/ptm/m/it/10 pointGroup\T1/ptm/m/n/10 , \T1/ptm/m/it/10 la-beled-Im-age='/
home/mtllab/Programs/ClearMap/idisco/ClearMap/Test/Data/Annotation/annotation_2
5_right.tif'\T1/ptm/m/n/10 ,
 []


Underfull \hbox (badness 10000) in paragraph at lines 8926--8926
\T1/ptm/m/it/10 in-ten-si-ty-Group=None\T1/ptm/m/n/10 , \T1/ptm/m/it/10 in-ten-
si-ty-Row=0\T1/ptm/m/n/10 , \T1/ptm/m/it/10 re-turnIds=True\T1/ptm/m/n/10 , \T1
/ptm/m/it/10 re-turn-
 []

[88]
Overfull \hbox (263.39879pt too wide) in paragraph at lines 8934--8934
[]\T1/ptm/m/it/10 pointCounts1\T1/ptm/m/n/10 , \T1/ptm/m/it/10 point-Counts2\T1
/ptm/m/n/10 , \T1/ptm/m/it/10 la-beled-Im-age='/home/mtllab/Programs/ClearMap/i
disco/ClearMap/Test/Data/Annotation/annotation_25_right.tif'\T1/ptm/m/n/10 ,
 []


Underfull \hbox (badness 10000) in paragraph at lines 8958--8958
[]\T1/ptm/m/it/10 points1\T1/ptm/m/n/10 , \T1/ptm/m/it/10 in-ten-si-ties1\T1/pt
m/m/n/10 , \T1/ptm/m/it/10 points2\T1/ptm/m/n/10 , \T1/ptm/m/it/10 in-ten-si-ti
es2\T1/ptm/m/n/10 , \T1/ptm/m/it/10 data-
 []


Overfull \hbox (186.43994pt too wide) in paragraph at lines 8958--8958
\T1/ptm/m/it/10 Size='/home/mtllab/Programs/ClearMap/idisco/ClearMap/Test/Data/
Annotation/annotation_25_right.tif'\T1/ptm/m/n/10 ,
 []


Overfull \hbox (0.70403pt too wide) in paragraph at lines 9028--9028
[]\T1/ptm/m/it/10 weights|  
 []

[89] [90] [91] [92] [93] [94] [95] [96] [97


] [98

]
Overfull \hbox (84.6225pt too wide) in paragraph at lines 9903--9904
[]\T1/pcr/m/n/10 ClearMap.Analysis.Tools.MultipleComparisonCorrection\T1/ptm/m/
n/10 ,
 []


Overfull \hbox (12.6225pt too wide) in paragraph at lines 9904--9905
[]\T1/pcr/m/n/10 ClearMap.Analysis.Tools.StatisticalTests\T1/ptm/m/n/10 ,
 []


Overfull \hbox (24.6225pt too wide) in paragraph at lines 9907--9908
[]\T1/pcr/m/n/10 ClearMap.ImageProcessing.BackgroundRemoval\T1/ptm/m/n/10 ,
 []


Overfull \hbox (0.6225pt too wide) in paragraph at lines 9908--9909
[]\T1/pcr/m/n/10 ClearMap.ImageProcessing.CellDetection\T1/ptm/m/n/10 ,
 []


Overfull \hbox (24.6225pt too wide) in paragraph at lines 9909--9910
[]\T1/pcr/m/n/10 ClearMap.ImageProcessing.CellSizeDetection\T1/ptm/m/n/10 ,
 []


Overfull \hbox (30.6225pt too wide) in paragraph at lines 9911--9912
[]\T1/pcr/m/n/10 ClearMap.ImageProcessing.Filter.Convolution\T1/ptm/m/n/10 ,
 []


Overfull \hbox (18.6225pt too wide) in paragraph at lines 9912--9913
[]\T1/pcr/m/n/10 ClearMap.ImageProcessing.Filter.DoGFilter\T1/ptm/m/n/10 ,
 []


Overfull \hbox (36.6225pt too wide) in paragraph at lines 9913--9914
[]\T1/pcr/m/n/10 ClearMap.ImageProcessing.Filter.FilterKernel\T1/ptm/m/n/10 ,
 []


Overfull \hbox (36.6225pt too wide) in paragraph at lines 9914--9915
[]\T1/pcr/m/n/10 ClearMap.ImageProcessing.Filter.LinearFilter\T1/ptm/m/n/10 ,
 []


Overfull \hbox (60.6225pt too wide) in paragraph at lines 9915--9916
[]\T1/pcr/m/n/10 ClearMap.ImageProcessing.Filter.StructureElement\T1/ptm/m/n/10
 ,
 []


Overfull \hbox (30.6225pt too wide) in paragraph at lines 9916--9917
[]\T1/pcr/m/n/10 ClearMap.ImageProcessing.GreyReconstruction\T1/ptm/m/n/10 ,
 []


Overfull \hbox (48.6225pt too wide) in paragraph at lines 9917--9918
[]\T1/pcr/m/n/10 ClearMap.ImageProcessing.IlastikClassification\T1/ptm/m/n/10 ,

 []


Overfull \hbox (54.6225pt too wide) in paragraph at lines 9918--9919
[]\T1/pcr/m/n/10 ClearMap.ImageProcessing.IlluminationCorrection\T1/ptm/m/n/10 
,
 []


Overfull \hbox (12.6225pt too wide) in paragraph at lines 9919--9920
[]\T1/pcr/m/n/10 ClearMap.ImageProcessing.ImageStatistics\T1/ptm/m/n/10 ,
 []


Overfull \hbox (12.6225pt too wide) in paragraph at lines 9920--9921
[]\T1/pcr/m/n/10 ClearMap.ImageProcessing.MaximaDetection\T1/ptm/m/n/10 ,
 []


Overfull \hbox (0.6225pt too wide) in paragraph at lines 9921--9922
[]\T1/pcr/m/n/10 ClearMap.ImageProcessing.SpotDetection\T1/ptm/m/n/10 ,
 []


Overfull \hbox (12.6225pt too wide) in paragraph at lines 9922--9923
[]\T1/pcr/m/n/10 ClearMap.ImageProcessing.StackProcessing\T1/ptm/m/n/10 ,
 []

[99

] (./clearmap.ind [100


]
Underfull \hbox (badness 10000) in paragraph at lines 19--20
[]\T1/ptm/m/n/10 calculateChunkSize() (in mod-ule
 []


Underfull \hbox (badness 10000) in paragraph at lines 19--20
\T1/ptm/m/n/10 ClearMap.ImageProcessing.StackProcessing),
 []


Underfull \hbox (badness 10000) in paragraph at lines 20--21
[]\T1/ptm/m/n/10 calculateStatistics() (in mod-ule
 []


Underfull \hbox (badness 10000) in paragraph at lines 20--21
\T1/ptm/m/n/10 ClearMap.ImageProcessing.ImageStatistics),
 []


Underfull \hbox (badness 10000) in paragraph at lines 21--23
[]\T1/ptm/m/n/10 calculateStatisticsOnStack() (in mod-ule
 []


Underfull \hbox (badness 10000) in paragraph at lines 21--23
\T1/ptm/m/n/10 ClearMap.ImageProcessing.ImageStatistics),
 []


Underfull \hbox (badness 10000) in paragraph at lines 23--24
[]\T1/ptm/m/n/10 calculateSubStacks() (in mod-ule
 []


Underfull \hbox (badness 10000) in paragraph at lines 23--24
\T1/ptm/m/n/10 ClearMap.ImageProcessing.StackProcessing),
 []


Underfull \hbox (badness 10000) in paragraph at lines 24--25
[]\T1/ptm/m/n/10 checkElastixInitialized() (in mod-ule
 []


Underfull \hbox (badness 10000) in paragraph at lines 25--27
[]\T1/ptm/m/n/10 checkInitialized() (in mod-ule
 []


Overfull \hbox (8.70963pt too wide) in paragraph at lines 25--27
\T1/ptm/m/n/10 ClearMap.ImageProcessing.IlastikClassification),
 []


Underfull \hbox (badness 10000) in paragraph at lines 27--28
[]\T1/ptm/m/n/10 classifyCells() (in mod-ule
 []


Overfull \hbox (8.70963pt too wide) in paragraph at lines 27--28
\T1/ptm/m/n/10 ClearMap.ImageProcessing.IlastikClassification),
 []


Underfull \hbox (badness 10000) in paragraph at lines 28--29
[]\T1/ptm/m/n/10 classifyPixel() (in mod-ule
 []


Overfull \hbox (8.70963pt too wide) in paragraph at lines 28--29
\T1/ptm/m/n/10 ClearMap.ImageProcessing.IlastikClassification),
 []


Overfull \hbox (0.69969pt too wide) in paragraph at lines 38--39
[]\T1/ptm/m/n/10 ClearMap.Analysis.Tools.MultipleComparisonCorrection
 []


Underfull \hbox (badness 10000) in paragraph at lines 47--48
[]\T1/ptm/m/n/10 ClearMap.ImageProcessing.Filter.DoGFilter (mod-ule),
 []


Underfull \hbox (badness 10000) in paragraph at lines 50--51
[]\T1/ptm/m/n/10 ClearMap.ImageProcessing.Filter.StructureElement
 []


Underfull \hbox (badness 10000) in paragraph at lines 51--52
[]\T1/ptm/m/n/10 ClearMap.ImageProcessing.GreyReconstruction (mod-
 []


Underfull \hbox (badness 10000) in paragraph at lines 52--53
[]\T1/ptm/m/n/10 ClearMap.ImageProcessing.IlastikClassification (mod-
 []


Underfull \hbox (badness 10000) in paragraph at lines 53--54
[]\T1/ptm/m/n/10 ClearMap.ImageProcessing.IlluminationCorrection
 []


Underfull \hbox (badness 10000) in paragraph at lines 57--58
[]\T1/ptm/m/n/10 ClearMap.ImageProcessing.StackProcessing (mod-ule),
 []

[101

]
Underfull \hbox (badness 10000) in paragraph at lines 87--88
[]\T1/ptm/m/n/10 convolve() (in mod-ule
 []


Overfull \hbox (2.29044pt too wide) in paragraph at lines 87--88
\T1/ptm/m/n/10 ClearMap.ImageProcessing.Filter.Convolution),
 []


Underfull \hbox (badness 10000) in paragraph at lines 95--97
[]\T1/ptm/m/n/10 correctIllumination() (in mod-ule
 []


Overfull \hbox (21.47987pt too wide) in paragraph at lines 95--97
\T1/ptm/m/n/10 ClearMap.ImageProcessing.IlluminationCorrection),
 []


Underfull \hbox (badness 10000) in paragraph at lines 97--99
[]\T1/ptm/m/n/10 correctPValues() (in mod-ule
 []


Overfull \hbox (46.52965pt too wide) in paragraph at lines 97--99
\T1/ptm/m/n/10 ClearMap.Analysis.Tools.MultipleComparisonCorrection),
 []


Underfull \hbox (badness 10000) in paragraph at lines 99--100
[]\T1/ptm/m/n/10 countPointsGroupInRegions() (in mod-ule
 []


Underfull \hbox (badness 10000) in paragraph at lines 100--101
[]\T1/ptm/m/n/10 countPointsInRegions() (in mod-ule
 []


Underfull \hbox (badness 10000) in paragraph at lines 102--103
[]\T1/ptm/m/n/10 cutoffPValues() (in mod-ule
 []


Underfull \hbox (badness 10000) in paragraph at lines 125--126
[]\T1/ptm/m/n/10 DefaultAnnotationFile (in mod-ule
 []


Underfull \hbox (badness 10000) in paragraph at lines 126--128
[]\T1/ptm/m/n/10 DefaultFlatFieldLineFile (in mod-ule
 []


Overfull \hbox (21.47987pt too wide) in paragraph at lines 126--128
\T1/ptm/m/n/10 ClearMap.ImageProcessing.IlluminationCorrection),
 []


Underfull \hbox (badness 10000) in paragraph at lines 128--129
[]\T1/ptm/m/n/10 DefaultLabeledImageFile (in mod-ule
 []


Underfull \hbox (badness 10000) in paragraph at lines 129--130
[]\T1/ptm/m/n/10 deformationDistance() (in mod-ule
 []


Underfull \hbox (badness 10000) in paragraph at lines 130--131
[]\T1/ptm/m/n/10 deformationField() (in mod-ule
 []


Underfull \hbox (badness 10000) in paragraph at lines 132--133
[]\T1/ptm/m/n/10 detectCells() (in mod-ule
 []


Underfull \hbox (badness 10000) in paragraph at lines 132--133
\T1/ptm/m/n/10 ClearMap.ImageProcessing.CellDetection),
 []


Underfull \hbox (badness 10000) in paragraph at lines 133--134
[]\T1/ptm/m/n/10 detectCellShape() (in mod-ule
 []


Overfull \hbox (2.02995pt too wide) in paragraph at lines 133--134
\T1/ptm/m/n/10 ClearMap.ImageProcessing.CellSizeDetection),
 []


Underfull \hbox (badness 10000) in paragraph at lines 134--135
[]\T1/ptm/m/n/10 detectSpots() (in mod-ule
 []


Underfull \hbox (badness 10000) in paragraph at lines 142--144
[]\T1/ptm/m/n/10 estimateQValues() (in mod-ule
 []


Overfull \hbox (46.52965pt too wide) in paragraph at lines 142--144
\T1/ptm/m/n/10 ClearMap.Analysis.Tools.MultipleComparisonCorrection),
 []


Underfull \hbox (badness 10000) in paragraph at lines 144--145
[]\T1/ptm/m/n/10 extendedMax() (in mod-ule
 []


Overfull \hbox (1.47015pt too wide) in paragraph at lines 144--145
\T1/ptm/m/n/10 ClearMap.ImageProcessing.MaximaDetection),
 []


Underfull \hbox (badness 10000) in paragraph at lines 145--146
[]\T1/ptm/m/n/10 extrap1d() (in mod-ule
 []


Underfull \hbox (badness 10000) in paragraph at lines 146--147
[]\T1/ptm/m/n/10 extrap1dFromInterp1d() (in mod-ule
 []

[102]
Underfull \hbox (badness 10000) in paragraph at lines 150--151
[]\T1/ptm/m/n/10 fileExpressionToFileName() (in mod-ule
 []


Underfull \hbox (badness 10000) in paragraph at lines 152--153
[]\T1/ptm/m/n/10 filterDoG() (in mod-ule
 []


Underfull \hbox (badness 10000) in paragraph at lines 152--153
\T1/ptm/m/n/10 ClearMap.ImageProcessing.Filter.DoGFilter),
 []


Underfull \hbox (badness 10000) in paragraph at lines 153--154
[]\T1/ptm/m/n/10 filterKernel() (in mod-ule
 []


Overfull \hbox (1.50992pt too wide) in paragraph at lines 153--154
\T1/ptm/m/n/10 ClearMap.ImageProcessing.Filter.FilterKernel),
 []


Underfull \hbox (badness 10000) in paragraph at lines 154--155
[]\T1/ptm/m/n/10 filterKernel2D() (in mod-ule
 []


Overfull \hbox (1.50992pt too wide) in paragraph at lines 154--155
\T1/ptm/m/n/10 ClearMap.ImageProcessing.Filter.FilterKernel),
 []


Underfull \hbox (badness 10000) in paragraph at lines 155--156
[]\T1/ptm/m/n/10 filterKernel3D() (in mod-ule
 []


Overfull \hbox (1.50992pt too wide) in paragraph at lines 155--156
\T1/ptm/m/n/10 ClearMap.ImageProcessing.Filter.FilterKernel),
 []


Underfull \hbox (badness 10000) in paragraph at lines 156--157
[]\T1/ptm/m/n/10 filterLinear() (in mod-ule
 []


Overfull \hbox (0.64993pt too wide) in paragraph at lines 156--157
\T1/ptm/m/n/10 ClearMap.ImageProcessing.Filter.LinearFilter),
 []


Underfull \hbox (badness 10000) in paragraph at lines 157--158
[]\T1/ptm/m/n/10 findCellIntensity() (in mod-ule
 []


Overfull \hbox (2.02995pt too wide) in paragraph at lines 157--158
\T1/ptm/m/n/10 ClearMap.ImageProcessing.CellSizeDetection),
 []


Underfull \hbox (badness 10000) in paragraph at lines 158--159
[]\T1/ptm/m/n/10 findCellSize() (in mod-ule
 []


Overfull \hbox (2.02995pt too wide) in paragraph at lines 158--159
\T1/ptm/m/n/10 ClearMap.ImageProcessing.CellSizeDetection),
 []


Underfull \hbox (badness 10000) in paragraph at lines 159--160
[]\T1/ptm/m/n/10 findCenterOfMaxima() (in mod-ule
 []


Overfull \hbox (1.47015pt too wide) in paragraph at lines 159--160
\T1/ptm/m/n/10 ClearMap.ImageProcessing.MaximaDetection),
 []


Underfull \hbox (badness 10000) in paragraph at lines 160--161
[]\T1/ptm/m/n/10 findExtendedMaxima() (in mod-ule
 []


Overfull \hbox (1.47015pt too wide) in paragraph at lines 160--161
\T1/ptm/m/n/10 ClearMap.ImageProcessing.MaximaDetection),
 []


Underfull \hbox (badness 10000) in paragraph at lines 161--162
[]\T1/ptm/m/n/10 findIntensity() (in mod-ule
 []


Overfull \hbox (1.47015pt too wide) in paragraph at lines 161--162
\T1/ptm/m/n/10 ClearMap.ImageProcessing.MaximaDetection),
 []


Underfull \hbox (badness 10000) in paragraph at lines 162--163
[]\T1/ptm/m/n/10 findPixelCoordinates() (in mod-ule
 []


Overfull \hbox (1.47015pt too wide) in paragraph at lines 162--163
\T1/ptm/m/n/10 ClearMap.ImageProcessing.MaximaDetection),
 []


Underfull \hbox (badness 10000) in paragraph at lines 163--164
[]\T1/ptm/m/n/10 fixInterpolation() (in mod-ule
 []


Underfull \hbox (badness 10000) in paragraph at lines 164--165
[]\T1/ptm/m/n/10 fixOrientation() (in mod-ule
 []


Underfull \hbox (badness 10000) in paragraph at lines 165--167
[]\T1/ptm/m/n/10 flatfieldFromLine() (in mod-ule
 []


Overfull \hbox (21.47987pt too wide) in paragraph at lines 165--167
\T1/ptm/m/n/10 ClearMap.ImageProcessing.IlluminationCorrection),
 []


Underfull \hbox (badness 10000) in paragraph at lines 167--169
[]\T1/ptm/m/n/10 flatfieldLineFromRegression() (in mod-ule
 []


Overfull \hbox (21.47987pt too wide) in paragraph at lines 167--169
\T1/ptm/m/n/10 ClearMap.ImageProcessing.IlluminationCorrection),
 []


Underfull \hbox (badness 10000) in paragraph at lines 175--176
[]\T1/ptm/m/n/10 getParameter() (in mod-ule
 []


Underfull \hbox (badness 10000) in paragraph at lines 176--177
[]\T1/ptm/m/n/10 getResultDataFile() (in mod-ule
 []


Underfull \hbox (badness 10000) in paragraph at lines 178--179
[]\T1/ptm/m/n/10 getTransformFileSizeAndSpacing() (in mod-ule
 []


Underfull \hbox (badness 10000) in paragraph at lines 179--180
[]\T1/ptm/m/n/10 getTransformParameterFile() (in mod-ule
 []


Underfull \hbox (badness 10000) in paragraph at lines 180--182
[]\T1/ptm/m/n/10 greyReconstruction() (in mod-ule
 []


Overfull \hbox (9.65036pt too wide) in paragraph at lines 180--182
\T1/ptm/m/n/10 ClearMap.ImageProcessing.GreyReconstruction),
 []


Underfull \hbox (badness 10000) in paragraph at lines 185--186
[]\T1/ptm/m/n/10 hMaxTransform() (in mod-ule
 []


Overfull \hbox (1.47015pt too wide) in paragraph at lines 185--186
\T1/ptm/m/n/10 ClearMap.ImageProcessing.MaximaDetection),
 []


Underfull \hbox (badness 10000) in paragraph at lines 196--197
[]\T1/ptm/m/n/10 initializeElastix() (in mod-ule
 []


Underfull \hbox (badness 10000) in paragraph at lines 197--198
[]\T1/ptm/m/n/10 inverseOrientation() (in mod-ule
 []


Underfull \hbox (badness 10000) in paragraph at lines 201--202
[]\T1/ptm/m/n/10 isInitialized() (in mod-ule
 []


Overfull \hbox (8.70963pt too wide) in paragraph at lines 201--202
\T1/ptm/m/n/10 ClearMap.ImageProcessing.IlastikClassification),
 []


Underfull \hbox (badness 10000) in paragraph at lines 206--207
[]\T1/ptm/m/n/10 joinParameter() (in mod-ule
 []


Underfull \hbox (badness 10000) in paragraph at lines 207--208
[]\T1/ptm/m/n/10 joinPoints() (in mod-ule
 []


Underfull \hbox (badness 10000) in paragraph at lines 207--208
\T1/ptm/m/n/10 ClearMap.ImageProcessing.StackProcessing),
 []


Underfull \hbox (badness 10000) in paragraph at lines 208--209
[]\T1/ptm/m/n/10 joinStatistics() (in mod-ule
 []


Underfull \hbox (badness 10000) in paragraph at lines 208--209
\T1/ptm/m/n/10 ClearMap.ImageProcessing.ImageStatistics),
 []

[103]
Underfull \hbox (badness 10000) in paragraph at lines 223--224
[]\T1/ptm/m/n/10 localMax() (in mod-ule
 []


Overfull \hbox (1.47015pt too wide) in paragraph at lines 223--224
\T1/ptm/m/n/10 ClearMap.ImageProcessing.MaximaDetection),
 []


Underfull \hbox (badness 10000) in paragraph at lines 227--228
[]\T1/ptm/m/n/10 makeColorAnnotations() (in mod-ule
 []


Underfull \hbox (badness 10000) in paragraph at lines 228--229
[]\T1/ptm/m/n/10 makeColorPalette() (in mod-ule
 []


Underfull \hbox (badness 10000) in paragraph at lines 236--237
[]\T1/ptm/m/n/10 noProcessing() (in mod-ule
 []


Underfull \hbox (badness 10000) in paragraph at lines 236--237
\T1/ptm/m/n/10 ClearMap.ImageProcessing.StackProcessing),
 []


Underfull \hbox (badness 10000) in paragraph at lines 242--243
[]\T1/ptm/m/n/10 orientationToPermuation() (in mod-ule
 []


Underfull \hbox (badness 10000) in paragraph at lines 243--244
[]\T1/ptm/m/n/10 orientDataSize() (in mod-ule
 []


Underfull \hbox (badness 10000) in paragraph at lines 244--245
[]\T1/ptm/m/n/10 orientDataSizeInverse() (in mod-ule
 []


Underfull \hbox (badness 10000) in paragraph at lines 245--246
[]\T1/ptm/m/n/10 orientResolution() (in mod-ule
 []


Underfull \hbox (badness 10000) in paragraph at lines 246--247
[]\T1/ptm/m/n/10 orientResolutionInverse() (in mod-ule
 []


Underfull \hbox (badness 10000) in paragraph at lines 252--253
[]\T1/ptm/m/n/10 parallelProcessStack() (in mod-ule
 []


Underfull \hbox (badness 10000) in paragraph at lines 252--253
\T1/ptm/m/n/10 ClearMap.ImageProcessing.StackProcessing),
 []


Underfull \hbox (badness 10000) in paragraph at lines 257--258
[]\T1/ptm/m/n/10 parse_optional_nrrdvector() (in mod-ule
 []


Underfull \hbox (badness 10000) in paragraph at lines 258--259
[]\T1/ptm/m/n/10 parseElastixOutputPoints() (in mod-ule
 []


Underfull \hbox (badness 10000) in paragraph at lines 259--260
[]\T1/ptm/m/n/10 plotOverlayLabel() (in mod-ule
 []


Underfull \hbox (badness 10000) in paragraph at lines 260--261
[]\T1/ptm/m/n/10 plotOverlayPoints() (in mod-ule
 []


Underfull \hbox (badness 10000) in paragraph at lines 269--270
[]\T1/ptm/m/n/10 pointsToCoordinatesAndProperties() (in mod-ule
 []


Underfull \hbox (badness 10000) in paragraph at lines 275--276
[]\T1/ptm/m/n/10 printSubStackInfo() (in mod-ule
 []


Underfull \hbox (badness 10000) in paragraph at lines 275--276
\T1/ptm/m/n/10 ClearMap.ImageProcessing.StackProcessing),
 []


Underfull \hbox (badness 10000) in paragraph at lines 289--290
[]\T1/ptm/m/n/10 readDataGroup() (in mod-ule
 []


Underfull \hbox (badness 10000) in paragraph at lines 298--299
[]\T1/ptm/m/n/10 readPointsGroup() (in mod-ule
 []

[104]
Underfull \hbox (badness 10000) in paragraph at lines 299--300
[]\T1/ptm/m/n/10 reconstruct() (in mod-ule
 []


Overfull \hbox (9.65036pt too wide) in paragraph at lines 299--300
\T1/ptm/m/n/10 ClearMap.ImageProcessing.GreyReconstruction),
 []


Underfull \hbox (badness 10000) in paragraph at lines 300--301
[]\T1/ptm/m/n/10 removeBackground() (in mod-ule
 []


Overfull \hbox (13.85057pt too wide) in paragraph at lines 300--301
\T1/ptm/m/n/10 ClearMap.ImageProcessing.BackgroundRemoval),
 []


Underfull \hbox (badness 10000) in paragraph at lines 301--302
[]\T1/ptm/m/n/10 resampleData() (in mod-ule
 []


Underfull \hbox (badness 10000) in paragraph at lines 302--303
[]\T1/ptm/m/n/10 resampleDataInverse() (in mod-ule
 []


Underfull \hbox (badness 10000) in paragraph at lines 303--304
[]\T1/ptm/m/n/10 resampleDataSize() (in mod-ule
 []


Underfull \hbox (badness 10000) in paragraph at lines 304--305
[]\T1/ptm/m/n/10 resamplePoints() (in mod-ule
 []


Underfull \hbox (badness 10000) in paragraph at lines 305--306
[]\T1/ptm/m/n/10 resamplePointsInverse() (in mod-ule
 []


Underfull \hbox (badness 10000) in paragraph at lines 306--307
[]\T1/ptm/m/n/10 resampleXY() (in mod-ule
 []


Underfull \hbox (badness 10000) in paragraph at lines 308--309
[]\T1/ptm/m/n/10 rescaleSizeAndSpacing() (in mod-ule
 []


Underfull \hbox (badness 10000) in paragraph at lines 313--314
[]\T1/ptm/m/n/10 sagittalToCoronalData() (in mod-ule
 []


Underfull \hbox (badness 10000) in paragraph at lines 314--316
[]\T1/ptm/m/n/10 sequentiallyProcessStack() (in mod-ule
 []


Underfull \hbox (badness 10000) in paragraph at lines 314--316
\T1/ptm/m/n/10 ClearMap.ImageProcessing.StackProcessing),
 []


Underfull \hbox (badness 10000) in paragraph at lines 316--317
[]\T1/ptm/m/n/10 setElastixLibraryPath() (in mod-ule
 []


Underfull \hbox (badness 10000) in paragraph at lines 317--318
[]\T1/ptm/m/n/10 setPathTransformParameterFiles() (in mod-ule
 []


Underfull \hbox (badness 10000) in paragraph at lines 318--319
[]\T1/ptm/m/n/10 setTransformFileSizeAndSpacing() (in mod-ule
 []


Underfull \hbox (badness 10000) in paragraph at lines 323--325
[]\T1/ptm/m/n/10 structureElement() (in mod-ule
 []


Overfull \hbox (22.86977pt too wide) in paragraph at lines 323--325
\T1/ptm/m/n/10 ClearMap.ImageProcessing.Filter.StructureElement),
 []


Underfull \hbox (badness 10000) in paragraph at lines 325--327
[]\T1/ptm/m/n/10 structureElement2D() (in mod-ule
 []


Overfull \hbox (22.86977pt too wide) in paragraph at lines 325--327
\T1/ptm/m/n/10 ClearMap.ImageProcessing.Filter.StructureElement),
 []


Underfull \hbox (badness 10000) in paragraph at lines 327--329
[]\T1/ptm/m/n/10 structureElement3D() (in mod-ule
 []


Overfull \hbox (22.86977pt too wide) in paragraph at lines 327--329
\T1/ptm/m/n/10 ClearMap.ImageProcessing.Filter.StructureElement),
 []


Underfull \hbox (badness 10000) in paragraph at lines 329--331
[]\T1/ptm/m/n/10 structureElementOffsets() (in mod-ule
 []


Overfull \hbox (22.86977pt too wide) in paragraph at lines 329--331
\T1/ptm/m/n/10 ClearMap.ImageProcessing.Filter.StructureElement),
 []


Overfull \hbox (28.8691pt too wide) in paragraph at lines 338--339
[]\T1/ptm/m/n/10 test() (in mod-ule ClearMap.ImageProcessing.Filter.FilterKerne
l),
 []


Overfull \hbox (13.8396pt too wide) in paragraph at lines 339--340
[]\T1/ptm/m/n/10 test() (in mod-ule ClearMap.ImageProcessing.SpotDetection),
 []


Underfull \hbox (badness 10000) in paragraph at lines 348--349
[]\T1/ptm/m/n/10 testCompletedCumulatives() (in mod-ule
 []


Underfull \hbox (badness 10000) in paragraph at lines 349--351
[]\T1/ptm/m/n/10 testCompletedCumulativesInSpheres() (in mod-ule
 []


Underfull \hbox (badness 10000) in paragraph at lines 351--352
[]\T1/ptm/m/n/10 testCompletedInvertedCumulatives() (in mod-ule
 []


Underfull \hbox (badness 10000) in paragraph at lines 352--354
[]\T1/ptm/m/n/10 testCramerVonMises2Sample() (in mod-ule
 []


Underfull \hbox (badness 10000) in paragraph at lines 352--354
\T1/ptm/m/n/10 ClearMap.Analysis.Tools.StatisticalTests),
 []


Underfull \hbox (badness 10000) in paragraph at lines 354--355
[]\T1/ptm/m/n/10 thresholdPoints() (in mod-ule
 []


Underfull \hbox (badness 10000) in paragraph at lines 363--364
[]\T1/ptm/m/n/10 transformData() (in mod-ule
 []


Underfull \hbox (badness 10000) in paragraph at lines 364--365
[]\T1/ptm/m/n/10 TransformixBinary (in mod-ule
 []


Underfull \hbox (badness 10000) in paragraph at lines 365--366
[]\T1/ptm/m/n/10 transformPoints() (in mod-ule
 []


Underfull \hbox (badness 10000) in paragraph at lines 366--367
[]\T1/ptm/m/n/10 transformPointsToImaris() (in mod-ule
 []


Underfull \hbox (badness 10000) in paragraph at lines 367--368
[]\T1/ptm/m/n/10 tTestPointsInRegions() (in mod-ule
 []


Underfull \hbox (badness 10000) in paragraph at lines 368--369
[]\T1/ptm/m/n/10 tTestVoxelization() (in mod-ule
 []

[105]
Underfull \hbox (badness 10000) in paragraph at lines 375--376
[]\T1/ptm/m/n/10 voxelizePixel() (in mod-ule
 []


Underfull \hbox (badness 10000) in paragraph at lines 379--380
[]\T1/ptm/m/n/10 weightsFromPrecentiles() (in mod-ule
 []


Underfull \hbox (badness 10000) in paragraph at lines 390--391
[]\T1/ptm/m/n/10 writeParameter() (in mod-ule
 []


Underfull \hbox (badness 10000) in paragraph at lines 399--400
[]\T1/ptm/m/n/10 writeSubStack() (in mod-ule
 []


Underfull \hbox (badness 10000) in paragraph at lines 399--400
\T1/ptm/m/n/10 ClearMap.ImageProcessing.StackProcessing),
 []

[106

])
Package atveryend Info: Empty hook `BeforeClearDocument' on input line 9945.
Package atveryend Info: Empty hook `AfterLastShipout' on input line 9945.
 (./clearmap.aux)
Package atveryend Info: Executing hook `AtVeryEndDocument' on input line 9945.
Package atveryend Info: Executing hook `AtEndAfterFileList' on input line 9945.

Package rerunfilecheck Info: File `clearmap.out' has not changed.
(rerunfilecheck)             Checksum: E0562A99011D0C1EA347E0572B94552E;838.
Package atveryend Info: Empty hook `AtVeryVeryEnd' on input line 9945.
 ) 
Here is how much of TeX's memory you used:
 10417 strings out of 493054
 164488 string characters out of 6134765
 260162 words of memory out of 5000000
 13048 multiletter control sequences out of 15000+600000
 81526 words of font info for 93 fonts, out of 8000000 for 9000
 1142 hyphenation exceptions out of 8191
 36i,12n,45p,999b,641s stack positions out of 5000i,500n,10000p,200000b,80000s
{/usr/local/texlive/2015/texmf-dist/fonts/enc/dvips/base/8r.enc}</usr/local/t
exlive/2015/texmf-dist/fonts/type1/public/amsfonts/cm/cmmi10.pfb></usr/local/te
xlive/2015/texmf-dist/fonts/type1/public/amsfonts/cm/cmr10.pfb></usr/local/texl
ive/2015/texmf-dist/fonts/type1/public/amsfonts/cm/cmr7.pfb></usr/local/texlive
/2015/texmf-dist/fonts/type1/public/amsfonts/cm/cmsy10.pfb></usr/local/texlive/
2015/texmf-dist/fonts/type1/public/amsfonts/cm/cmsy7.pfb></usr/local/texlive/20
15/texmf-dist/fonts/type1/urw/courier/ucrb8a.pfb></usr/local/texlive/2015/texmf
-dist/fonts/type1/urw/courier/ucrr8a.pfb></usr/local/texlive/2015/texmf-dist/fo
nts/type1/urw/courier/ucrro8a.pfb></usr/local/texlive/2015/texmf-dist/fonts/typ
e1/urw/helvetic/uhvb8a.pfb></usr/local/texlive/2015/texmf-dist/fonts/type1/urw/
helvetic/uhvbo8a.pfb></usr/local/texlive/2015/texmf-dist/fonts/type1/urw/helvet
ic/uhvr8a.pfb></usr/local/texlive/2015/texmf-dist/fonts/type1/urw/times/utmb8a.
pfb></usr/local/texlive/2015/texmf-dist/fonts/type1/urw/times/utmr8a.pfb></usr/
local/texlive/2015/texmf-dist/fonts/type1/urw/times/utmri8a.pfb>
Output written on clearmap.pdf (110 pages, 1788102 bytes).
PDF statistics:
 2153 PDF objects out of 2487 (max. 8388607)
 1807 compressed objects within 19 object streams
 585 named destinations out of 1000 (max. 500000)
 196 words of extra memory for PDF output out of 10000 (max. 10000000)

